Using pre-set license
Built from '2021.3/china_unity/release' branch; Version is '2021.3.1f1c1 (0cb3bd085a01) revision 832445'; Using compiler version '192829333'; Build Type 'Release'
OS: 'Windows 11  (10.0.22000) 64bit CoreCountrySpecific' Language: 'zh' Physical Memory: 14188 MB
BatchMode: 1, IsHumanControllingUs: 0, StartBugReporterOnCrash: 0, Is64bit: 1, IsPro: 1

COMMAND LINE ARGUMENTS:
D:\Program Files (x86)\Unity\2021.3.1f1c1\Editor\Unity.exe
-adb2
-batchMode
-noUpm
-name
AssetImportWorker3
-projectPath
E:/Unity Projects/Platform Controller Tutorial/Platform Controller Game
-logFile
Logs/AssetImportWorker3.log
-srvPort
55874
Successfully changed project path to: E:/Unity Projects/Platform Controller Tutorial/Platform Controller Game
E:/Unity Projects/Platform Controller Tutorial/Platform Controller Game
[UnityMemory] Configuration Parameters - Can be set up in boot.config
    "memorysetup-bucket-allocator-granularity=16"
    "memorysetup-bucket-allocator-bucket-count=8"
    "memorysetup-bucket-allocator-block-size=33554432"
    "memorysetup-bucket-allocator-block-count=8"
    "memorysetup-main-allocator-block-size=16777216"
    "memorysetup-thread-allocator-block-size=16777216"
    "memorysetup-gfx-main-allocator-block-size=16777216"
    "memorysetup-gfx-thread-allocator-block-size=16777216"
    "memorysetup-cache-allocator-block-size=4194304"
    "memorysetup-typetree-allocator-block-size=2097152"
    "memorysetup-profiler-bucket-allocator-granularity=16"
    "memorysetup-profiler-bucket-allocator-bucket-count=8"
    "memorysetup-profiler-bucket-allocator-block-size=33554432"
    "memorysetup-profiler-bucket-allocator-block-count=8"
    "memorysetup-profiler-allocator-block-size=16777216"
    "memorysetup-profiler-editor-allocator-block-size=1048576"
    "memorysetup-temp-allocator-size-main=16777216"
    "memorysetup-job-temp-allocator-block-size=2097152"
    "memorysetup-job-temp-allocator-block-size-background=1048576"
    "memorysetup-job-temp-allocator-reduction-small-platforms=262144"
    "memorysetup-temp-allocator-size-background-worker=32768"
    "memorysetup-temp-allocator-size-job-worker=262144"
    "memorysetup-temp-allocator-size-preload-manager=33554432"
    "memorysetup-temp-allocator-size-nav-mesh-worker=65536"
    "memorysetup-temp-allocator-size-audio-worker=65536"
    "memorysetup-temp-allocator-size-cloud-worker=32768"
    "memorysetup-temp-allocator-size-gi-baking-worker=262144"
    "memorysetup-temp-allocator-size-gfx=262144"
AS: AutoStreaming module initializing.
Refreshing native plugins compatible for Editor in 25.90 ms, found 0 plugins.
Preloading 0 native plugins for Editor in 0.00 ms.
Initialize engine version: 2021.3.1f1c1 (0cb3bd085a01)
[Subsystems] Discovering subsystems at path D:/Program Files (x86)/Unity/2021.3.1f1c1/Editor/Data/Resources/UnitySubsystems
[Subsystems] Discovering subsystems at path E:/Unity Projects/Platform Controller Tutorial/Platform Controller Game/Assets
GfxDevice: creating device client; threaded=0; jobified=0
Direct3D:
    Version:  Direct3D 11.0 [level 11.1]
    Renderer: NVIDIA GeForce RTX 3060 Laptop GPU (ID=0x2560)
    Vendor:   NVIDIA
    VRAM:     6023 MB
    Driver:   30.0.15.1215
Initialize mono
Mono path[0] = 'D:/Program Files (x86)/Unity/2021.3.1f1c1/Editor/Data/Managed'
Mono path[1] = 'D:/Program Files (x86)/Unity/2021.3.1f1c1/Editor/Data/MonoBleedingEdge/lib/mono/unityjit-win32'
Mono config path = 'D:/Program Files (x86)/Unity/2021.3.1f1c1/Editor/Data/MonoBleedingEdge/etc'
Using monoOptions --debugger-agent=transport=dt_socket,embedding=1,server=y,suspend=n,address=127.0.0.1:56404
Begin MonoManager ReloadAssembly
Registering precompiled unity dll's ...
Register platform support module: D:/Program Files (x86)/Unity/2021.3.1f1c1/Editor/Data/PlaybackEngines/WebGLSupport/UnityEditor.WebGL.Extensions.dll
Register platform support module: D:/Program Files (x86)/Unity/2021.3.1f1c1/Editor/Data/PlaybackEngines/AndroidPlayer/UnityEditor.Android.Extensions.dll
Register platform support module: D:/Program Files (x86)/Unity/2021.3.1f1c1/Editor/Data/PlaybackEngines/iOSSupport/UnityEditor.iOS.Extensions.dll
Register platform support module: D:/Program Files (x86)/Unity/2021.3.1f1c1/Editor/Data/PlaybackEngines/WindowsStandaloneSupport/UnityEditor.WindowsStandalone.Extensions.dll
Register platform support module: D:/Program Files (x86)/Unity/2021.3.1f1c1/Editor/Data/PlaybackEngines/MetroSupport/UnityEditor.UWP.Extensions.dll
Registered in 0.007750 seconds.
Native extension for UWP target not found
Native extension for WindowsStandalone target not found
[usbmuxd] Start listen thread
[usbmuxd] Listen thread started
Native extension for iOS target not found
Native extension for Android target not found
Native extension for WebGL target not found
Refreshing native plugins compatible for Editor in 23.99 ms, found 0 plugins.
Preloading 0 native plugins for Editor in 0.00 ms.
Mono: successfully reloaded assembly
- Completed reload, in  0.539 seconds
Domain Reload Profiling:
	ReloadAssembly (540ms)
		BeginReloadAssembly (79ms)
			ExecutionOrderSort (0ms)
			DisableScriptedObjects (0ms)
			BackupInstance (0ms)
			ReleaseScriptingObjects (0ms)
			CreateAndSetChildDomain (1ms)
		EndReloadAssembly (358ms)
			LoadAssemblies (75ms)
			RebuildTransferFunctionScriptingTraits (0ms)
			SetupTypeCache (85ms)
			ReleaseScriptCaches (0ms)
			RebuildScriptCaches (20ms)
			SetupLoadedEditorAssemblies (203ms)
				LogAssemblyErrors (0ms)
				InitializePlatformSupportModulesInManaged (55ms)
				SetLoadedEditorAssemblies (1ms)
				RefreshPlugins (24ms)
				BeforeProcessingInitializeOnLoad (1ms)
				ProcessInitializeOnLoadAttributes (76ms)
				ProcessInitializeOnLoadMethodAttributes (45ms)
				AfterProcessingInitializeOnLoad (0ms)
				EditorAssembliesLoaded (0ms)
			ExecutionOrderSort2 (0ms)
			AwakeInstancesAfterBackupRestoration (0ms)
Platform modules already initialized, skipping
Registering precompiled user dll's ...
Registered in 0.003428 seconds.
Begin MonoManager ReloadAssembly
Native extension for UWP target not found
Native extension for WindowsStandalone target not found
Native extension for iOS target not found
Native extension for Android target not found
Native extension for WebGL target not found
Refreshing native plugins compatible for Editor in 26.22 ms, found 0 plugins.
Preloading 0 native plugins for Editor in 0.00 ms.
Mono: successfully reloaded assembly
- Completed reload, in  0.889 seconds
Domain Reload Profiling:
	ReloadAssembly (890ms)
		BeginReloadAssembly (222ms)
			ExecutionOrderSort (0ms)
			DisableScriptedObjects (5ms)
			BackupInstance (0ms)
			ReleaseScriptingObjects (0ms)
			CreateAndSetChildDomain (129ms)
		EndReloadAssembly (565ms)
			LoadAssemblies (80ms)
			RebuildTransferFunctionScriptingTraits (0ms)
			SetupTypeCache (132ms)
			ReleaseScriptCaches (0ms)
			RebuildScriptCaches (30ms)
			SetupLoadedEditorAssemblies (287ms)
				LogAssemblyErrors (0ms)
				InitializePlatformSupportModulesInManaged (22ms)
				SetLoadedEditorAssemblies (0ms)
				RefreshPlugins (26ms)
				BeforeProcessingInitializeOnLoad (47ms)
				ProcessInitializeOnLoadAttributes (165ms)
				ProcessInitializeOnLoadMethodAttributes (13ms)
				AfterProcessingInitializeOnLoad (14ms)
				EditorAssembliesLoaded (0ms)
			ExecutionOrderSort2 (0ms)
			AwakeInstancesAfterBackupRestoration (11ms)
Platform modules already initialized, skipping
========================================================================
Worker process is ready to serve import requests
Launched and connected shader compiler UnityShaderCompiler.exe after 0.06 seconds
Refreshing native plugins compatible for Editor in 0.55 ms, found 0 plugins.
Preloading 0 native plugins for Editor in 0.00 ms.
Unloading 1472 Unused Serialized files (Serialized files now loaded: 0)
Unloading 100 unused Assets / (11.6 MB). Loaded Objects now: 1877.
Memory consumption went from 106.5 MB to 94.8 MB.
Total: 5.982400 ms (FindLiveObjects: 0.147100 ms CreateObjectMapping: 0.038700 ms MarkObjects: 2.111700 ms  DeleteObjects: 3.684200 ms)

AssetImportParameters requested are different than current active one (requested -> active):
  custom:video-decoder-ogg-theora: a1e56fd34408186e4bbccfd4996cb3dc -> 
  custom:container-muxer-webm: aa71ff27fc2769a1b78a27578f13a17b -> 
  custom:container-demuxer-webm: 4f35f7cbe854078d1ac9338744f61a02 -> 
  custom:video-encoder-webm-vp8: eb34c28f22e8b96e1ab97ce403110664 -> 
  custom:video-codec-MediaFoundation-h265: 746d11721c4dcdbdad8f713fa42b33f4 -> 
  custom:audio-encoder-webm-vorbis: bf7c407c2cedff20999df2af8eb42d56 -> 
  custom:framework-win-MediaFoundation: 216162199b28c13a410421893ffa2e32 -> 
  custom:container-demuxer-ogg: 62fdf1f143b41e24485cea50d1cbac27 -> 
  custom:video-decoder-webm-vp8: 9c59270c3fd7afecdb556c50c9e8de78 -> 
  custom:audio-decoder-ogg-vorbis: bf7c407c2cedff20999df2af8eb42d56 -> 
========================================================================
Received Prepare
Registering precompiled user dll's ...
Registered in 0.004062 seconds.
Begin MonoManager ReloadAssembly
Native extension for UWP target not found
Native extension for WindowsStandalone target not found
Native extension for iOS target not found
Native extension for Android target not found
Native extension for WebGL target not found
Refreshing native plugins compatible for Editor in 0.32 ms, found 0 plugins.
Preloading 0 native plugins for Editor in 0.00 ms.
Mono: successfully reloaded assembly
- Completed reload, in  0.922 seconds
Domain Reload Profiling:
	ReloadAssembly (923ms)
		BeginReloadAssembly (167ms)
			ExecutionOrderSort (0ms)
			DisableScriptedObjects (4ms)
			BackupInstance (0ms)
			ReleaseScriptingObjects (0ms)
			CreateAndSetChildDomain (27ms)
		EndReloadAssembly (659ms)
			LoadAssemblies (117ms)
			RebuildTransferFunctionScriptingTraits (0ms)
			SetupTypeCache (175ms)
			ReleaseScriptCaches (1ms)
			RebuildScriptCaches (30ms)
			SetupLoadedEditorAssemblies (322ms)
				LogAssemblyErrors (0ms)
				InitializePlatformSupportModulesInManaged (30ms)
				SetLoadedEditorAssemblies (0ms)
				RefreshPlugins (0ms)
				BeforeProcessingInitializeOnLoad (45ms)
				ProcessInitializeOnLoadAttributes (209ms)
				ProcessInitializeOnLoadMethodAttributes (21ms)
				AfterProcessingInitializeOnLoad (17ms)
				EditorAssembliesLoaded (0ms)
			ExecutionOrderSort2 (0ms)
			AwakeInstancesAfterBackupRestoration (13ms)
Platform modules already initialized, skipping
Refreshing native plugins compatible for Editor in 1.29 ms, found 0 plugins.
Preloading 0 native plugins for Editor in 0.00 ms.
Unloading 1388 Unused Serialized files (Serialized files now loaded: 0)
Unloading 79 unused Assets / (11.4 MB). Loaded Objects now: 1892.
Memory consumption went from 98.1 MB to 86.7 MB.
Total: 8.361200 ms (FindLiveObjects: 0.155300 ms CreateObjectMapping: 0.053300 ms MarkObjects: 2.665000 ms  DeleteObjects: 5.486300 ms)

AssetImportParameters requested are different than current active one (requested -> active):
  custom:video-decoder-ogg-theora: a1e56fd34408186e4bbccfd4996cb3dc -> 
  custom:container-muxer-webm: aa71ff27fc2769a1b78a27578f13a17b -> 
  custom:container-demuxer-webm: 4f35f7cbe854078d1ac9338744f61a02 -> 
  custom:video-encoder-webm-vp8: eb34c28f22e8b96e1ab97ce403110664 -> 
  custom:video-codec-MediaFoundation-h265: 746d11721c4dcdbdad8f713fa42b33f4 -> 
  custom:audio-encoder-webm-vorbis: bf7c407c2cedff20999df2af8eb42d56 -> 
  custom:framework-win-MediaFoundation: 216162199b28c13a410421893ffa2e32 -> 
  custom:container-demuxer-ogg: 62fdf1f143b41e24485cea50d1cbac27 -> 
  custom:video-decoder-webm-vp8: 9c59270c3fd7afecdb556c50c9e8de78 -> 
  custom:audio-decoder-ogg-vorbis: bf7c407c2cedff20999df2af8eb42d56 -> 
========================================================================
Received Prepare
Registering precompiled user dll's ...
Registered in 0.003585 seconds.
Begin MonoManager ReloadAssembly
Native extension for UWP target not found
Native extension for WindowsStandalone target not found
Native extension for iOS target not found
Native extension for Android target not found
Native extension for WebGL target not found
Refreshing native plugins compatible for Editor in 0.49 ms, found 0 plugins.
Preloading 0 native plugins for Editor in 0.00 ms.
Mono: successfully reloaded assembly
- Completed reload, in  0.806 seconds
Domain Reload Profiling:
	ReloadAssembly (807ms)
		BeginReloadAssembly (131ms)
			ExecutionOrderSort (0ms)
			DisableScriptedObjects (4ms)
			BackupInstance (0ms)
			ReleaseScriptingObjects (0ms)
			CreateAndSetChildDomain (24ms)
		EndReloadAssembly (584ms)
			LoadAssemblies (85ms)
			RebuildTransferFunctionScriptingTraits (0ms)
			SetupTypeCache (147ms)
			ReleaseScriptCaches (1ms)
			RebuildScriptCaches (26ms)
			SetupLoadedEditorAssemblies (286ms)
				LogAssemblyErrors (0ms)
				InitializePlatformSupportModulesInManaged (30ms)
				SetLoadedEditorAssemblies (1ms)
				RefreshPlugins (1ms)
				BeforeProcessingInitializeOnLoad (43ms)
				ProcessInitializeOnLoadAttributes (176ms)
				ProcessInitializeOnLoadMethodAttributes (19ms)
				AfterProcessingInitializeOnLoad (16ms)
				EditorAssembliesLoaded (0ms)
			ExecutionOrderSort2 (0ms)
			AwakeInstancesAfterBackupRestoration (12ms)
Platform modules already initialized, skipping
Refreshing native plugins compatible for Editor in 1.03 ms, found 0 plugins.
Preloading 0 native plugins for Editor in 0.00 ms.
Unloading 1388 Unused Serialized files (Serialized files now loaded: 0)
Unloading 79 unused Assets / (11.4 MB). Loaded Objects now: 1907.
Memory consumption went from 98.1 MB to 86.7 MB.
Total: 10.141800 ms (FindLiveObjects: 0.157900 ms CreateObjectMapping: 0.053600 ms MarkObjects: 3.261700 ms  DeleteObjects: 6.667600 ms)

AssetImportParameters requested are different than current active one (requested -> active):
  custom:video-decoder-ogg-theora: a1e56fd34408186e4bbccfd4996cb3dc -> 
  custom:container-muxer-webm: aa71ff27fc2769a1b78a27578f13a17b -> 
  custom:container-demuxer-webm: 4f35f7cbe854078d1ac9338744f61a02 -> 
  custom:video-encoder-webm-vp8: eb34c28f22e8b96e1ab97ce403110664 -> 
  custom:video-codec-MediaFoundation-h265: 746d11721c4dcdbdad8f713fa42b33f4 -> 
  custom:audio-encoder-webm-vorbis: bf7c407c2cedff20999df2af8eb42d56 -> 
  custom:framework-win-MediaFoundation: 216162199b28c13a410421893ffa2e32 -> 
  custom:container-demuxer-ogg: 62fdf1f143b41e24485cea50d1cbac27 -> 
  custom:video-decoder-webm-vp8: 9c59270c3fd7afecdb556c50c9e8de78 -> 
  custom:audio-decoder-ogg-vorbis: bf7c407c2cedff20999df2af8eb42d56 -> 
========================================================================
Received Prepare
Registering precompiled user dll's ...
Registered in 0.003326 seconds.
Begin MonoManager ReloadAssembly
Native extension for UWP target not found
Native extension for WindowsStandalone target not found
Native extension for iOS target not found
Native extension for Android target not found
Native extension for WebGL target not found
Refreshing native plugins compatible for Editor in 0.49 ms, found 0 plugins.
Preloading 0 native plugins for Editor in 0.00 ms.
Mono: successfully reloaded assembly
- Completed reload, in  0.850 seconds
Domain Reload Profiling:
	ReloadAssembly (850ms)
		BeginReloadAssembly (134ms)
			ExecutionOrderSort (0ms)
			DisableScriptedObjects (4ms)
			BackupInstance (0ms)
			ReleaseScriptingObjects (0ms)
			CreateAndSetChildDomain (23ms)
		EndReloadAssembly (613ms)
			LoadAssemblies (88ms)
			RebuildTransferFunctionScriptingTraits (0ms)
			SetupTypeCache (142ms)
			ReleaseScriptCaches (1ms)
			RebuildScriptCaches (28ms)
			SetupLoadedEditorAssemblies (305ms)
				LogAssemblyErrors (0ms)
				InitializePlatformSupportModulesInManaged (38ms)
				SetLoadedEditorAssemblies (0ms)
				RefreshPlugins (1ms)
				BeforeProcessingInitializeOnLoad (46ms)
				ProcessInitializeOnLoadAttributes (186ms)
				ProcessInitializeOnLoadMethodAttributes (18ms)
				AfterProcessingInitializeOnLoad (16ms)
				EditorAssembliesLoaded (0ms)
			ExecutionOrderSort2 (0ms)
			AwakeInstancesAfterBackupRestoration (13ms)
Platform modules already initialized, skipping
Refreshing native plugins compatible for Editor in 1.19 ms, found 0 plugins.
Preloading 0 native plugins for Editor in 0.00 ms.
Unloading 1388 Unused Serialized files (Serialized files now loaded: 0)
Unloading 79 unused Assets / (11.4 MB). Loaded Objects now: 1922.
Memory consumption went from 98.1 MB to 86.7 MB.
Total: 9.478700 ms (FindLiveObjects: 0.166600 ms CreateObjectMapping: 0.067800 ms MarkObjects: 3.129500 ms  DeleteObjects: 6.113700 ms)

AssetImportParameters requested are different than current active one (requested -> active):
  custom:video-decoder-ogg-theora: a1e56fd34408186e4bbccfd4996cb3dc -> 
  custom:container-muxer-webm: aa71ff27fc2769a1b78a27578f13a17b -> 
  custom:container-demuxer-webm: 4f35f7cbe854078d1ac9338744f61a02 -> 
  custom:video-encoder-webm-vp8: eb34c28f22e8b96e1ab97ce403110664 -> 
  custom:video-codec-MediaFoundation-h265: 746d11721c4dcdbdad8f713fa42b33f4 -> 
  custom:audio-encoder-webm-vorbis: bf7c407c2cedff20999df2af8eb42d56 -> 
  custom:framework-win-MediaFoundation: 216162199b28c13a410421893ffa2e32 -> 
  custom:container-demuxer-ogg: 62fdf1f143b41e24485cea50d1cbac27 -> 
  custom:video-decoder-webm-vp8: 9c59270c3fd7afecdb556c50c9e8de78 -> 
  custom:audio-decoder-ogg-vorbis: bf7c407c2cedff20999df2af8eb42d56 -> 
========================================================================
Received Prepare
Registering precompiled user dll's ...
Registered in 0.003388 seconds.
Begin MonoManager ReloadAssembly
Native extension for UWP target not found
Native extension for WindowsStandalone target not found
Native extension for iOS target not found
Native extension for Android target not found
Native extension for WebGL target not found
Refreshing native plugins compatible for Editor in 0.29 ms, found 0 plugins.
Preloading 0 native plugins for Editor in 0.00 ms.
Mono: successfully reloaded assembly
- Completed reload, in  0.789 seconds
Domain Reload Profiling:
	ReloadAssembly (790ms)
		BeginReloadAssembly (131ms)
			ExecutionOrderSort (0ms)
			DisableScriptedObjects (4ms)
			BackupInstance (0ms)
			ReleaseScriptingObjects (0ms)
			CreateAndSetChildDomain (24ms)
		EndReloadAssembly (568ms)
			LoadAssemblies (86ms)
			RebuildTransferFunctionScriptingTraits (0ms)
			SetupTypeCache (138ms)
			ReleaseScriptCaches (1ms)
			RebuildScriptCaches (24ms)
			SetupLoadedEditorAssemblies (283ms)
				LogAssemblyErrors (0ms)
				InitializePlatformSupportModulesInManaged (28ms)
				SetLoadedEditorAssemblies (0ms)
				RefreshPlugins (0ms)
				BeforeProcessingInitializeOnLoad (39ms)
				ProcessInitializeOnLoadAttributes (178ms)
				ProcessInitializeOnLoadMethodAttributes (19ms)
				AfterProcessingInitializeOnLoad (17ms)
				EditorAssembliesLoaded (0ms)
			ExecutionOrderSort2 (0ms)
			AwakeInstancesAfterBackupRestoration (13ms)
Platform modules already initialized, skipping
Refreshing native plugins compatible for Editor in 0.86 ms, found 0 plugins.
Preloading 0 native plugins for Editor in 0.00 ms.
Unloading 1388 Unused Serialized files (Serialized files now loaded: 0)
Unloading 79 unused Assets / (11.3 MB). Loaded Objects now: 1937.
Memory consumption went from 98.0 MB to 86.7 MB.
Total: 8.496200 ms (FindLiveObjects: 0.148600 ms CreateObjectMapping: 0.121300 ms MarkObjects: 2.394800 ms  DeleteObjects: 5.830200 ms)

AssetImportParameters requested are different than current active one (requested -> active):
  custom:video-decoder-ogg-theora: a1e56fd34408186e4bbccfd4996cb3dc -> 
  custom:container-muxer-webm: aa71ff27fc2769a1b78a27578f13a17b -> 
  custom:container-demuxer-webm: 4f35f7cbe854078d1ac9338744f61a02 -> 
  custom:video-encoder-webm-vp8: eb34c28f22e8b96e1ab97ce403110664 -> 
  custom:video-codec-MediaFoundation-h265: 746d11721c4dcdbdad8f713fa42b33f4 -> 
  custom:audio-encoder-webm-vorbis: bf7c407c2cedff20999df2af8eb42d56 -> 
  custom:framework-win-MediaFoundation: 216162199b28c13a410421893ffa2e32 -> 
  custom:container-demuxer-ogg: 62fdf1f143b41e24485cea50d1cbac27 -> 
  custom:video-decoder-webm-vp8: 9c59270c3fd7afecdb556c50c9e8de78 -> 
  custom:audio-decoder-ogg-vorbis: bf7c407c2cedff20999df2af8eb42d56 -> 
========================================================================
Received Prepare
Registering precompiled user dll's ...
Registered in 0.003282 seconds.
Begin MonoManager ReloadAssembly
Native extension for UWP target not found
Native extension for WindowsStandalone target not found
Native extension for iOS target not found
Native extension for Android target not found
Native extension for WebGL target not found
Refreshing native plugins compatible for Editor in 0.31 ms, found 0 plugins.
Preloading 0 native plugins for Editor in 0.00 ms.
Mono: successfully reloaded assembly
- Completed reload, in  0.805 seconds
Domain Reload Profiling:
	ReloadAssembly (806ms)
		BeginReloadAssembly (129ms)
			ExecutionOrderSort (0ms)
			DisableScriptedObjects (4ms)
			BackupInstance (0ms)
			ReleaseScriptingObjects (0ms)
			CreateAndSetChildDomain (22ms)
		EndReloadAssembly (585ms)
			LoadAssemblies (86ms)
			RebuildTransferFunctionScriptingTraits (0ms)
			SetupTypeCache (137ms)
			ReleaseScriptCaches (1ms)
			RebuildScriptCaches (25ms)
			SetupLoadedEditorAssemblies (289ms)
				LogAssemblyErrors (0ms)
				InitializePlatformSupportModulesInManaged (35ms)
				SetLoadedEditorAssemblies (0ms)
				RefreshPlugins (0ms)
				BeforeProcessingInitializeOnLoad (41ms)
				ProcessInitializeOnLoadAttributes (177ms)
				ProcessInitializeOnLoadMethodAttributes (18ms)
				AfterProcessingInitializeOnLoad (17ms)
				EditorAssembliesLoaded (0ms)
			ExecutionOrderSort2 (0ms)
			AwakeInstancesAfterBackupRestoration (12ms)
Platform modules already initialized, skipping
Refreshing native plugins compatible for Editor in 1.04 ms, found 0 plugins.
Preloading 0 native plugins for Editor in 0.00 ms.
Unloading 1388 Unused Serialized files (Serialized files now loaded: 0)
Unloading 79 unused Assets / (11.4 MB). Loaded Objects now: 1952.
Memory consumption went from 98.2 MB to 86.8 MB.
Total: 7.905600 ms (FindLiveObjects: 0.146500 ms CreateObjectMapping: 0.031000 ms MarkObjects: 2.368900 ms  DeleteObjects: 5.358000 ms)

AssetImportParameters requested are different than current active one (requested -> active):
  custom:video-decoder-ogg-theora: a1e56fd34408186e4bbccfd4996cb3dc -> 
  custom:container-muxer-webm: aa71ff27fc2769a1b78a27578f13a17b -> 
  custom:container-demuxer-webm: 4f35f7cbe854078d1ac9338744f61a02 -> 
  custom:video-encoder-webm-vp8: eb34c28f22e8b96e1ab97ce403110664 -> 
  custom:video-codec-MediaFoundation-h265: 746d11721c4dcdbdad8f713fa42b33f4 -> 
  custom:audio-encoder-webm-vorbis: bf7c407c2cedff20999df2af8eb42d56 -> 
  custom:framework-win-MediaFoundation: 216162199b28c13a410421893ffa2e32 -> 
  custom:container-demuxer-ogg: 62fdf1f143b41e24485cea50d1cbac27 -> 
  custom:video-decoder-webm-vp8: 9c59270c3fd7afecdb556c50c9e8de78 -> 
  custom:audio-decoder-ogg-vorbis: bf7c407c2cedff20999df2af8eb42d56 -> 
========================================================================
Received Prepare
Registering precompiled user dll's ...
Registered in 0.003589 seconds.
Begin MonoManager ReloadAssembly
Native extension for UWP target not found
Native extension for WindowsStandalone target not found
Native extension for iOS target not found
Native extension for Android target not found
Native extension for WebGL target not found
Refreshing native plugins compatible for Editor in 0.31 ms, found 0 plugins.
Preloading 0 native plugins for Editor in 0.00 ms.
Mono: successfully reloaded assembly
- Completed reload, in  0.771 seconds
Domain Reload Profiling:
	ReloadAssembly (771ms)
		BeginReloadAssembly (137ms)
			ExecutionOrderSort (0ms)
			DisableScriptedObjects (4ms)
			BackupInstance (0ms)
			ReleaseScriptingObjects (0ms)
			CreateAndSetChildDomain (27ms)
		EndReloadAssembly (545ms)
			LoadAssemblies (88ms)
			RebuildTransferFunctionScriptingTraits (0ms)
			SetupTypeCache (137ms)
			ReleaseScriptCaches (1ms)
			RebuildScriptCaches (26ms)
			SetupLoadedEditorAssemblies (257ms)
				LogAssemblyErrors (0ms)
				InitializePlatformSupportModulesInManaged (30ms)
				SetLoadedEditorAssemblies (0ms)
				RefreshPlugins (0ms)
				BeforeProcessingInitializeOnLoad (39ms)
				ProcessInitializeOnLoadAttributes (160ms)
				ProcessInitializeOnLoadMethodAttributes (14ms)
				AfterProcessingInitializeOnLoad (13ms)
				EditorAssembliesLoaded (0ms)
			ExecutionOrderSort2 (0ms)
			AwakeInstancesAfterBackupRestoration (10ms)
Platform modules already initialized, skipping
Refreshing native plugins compatible for Editor in 0.84 ms, found 0 plugins.
Preloading 0 native plugins for Editor in 0.00 ms.
Unloading 1388 Unused Serialized files (Serialized files now loaded: 0)
Unloading 79 unused Assets / (11.3 MB). Loaded Objects now: 1967.
Memory consumption went from 98.1 MB to 86.8 MB.
Total: 7.550000 ms (FindLiveObjects: 0.169300 ms CreateObjectMapping: 0.034500 ms MarkObjects: 2.415600 ms  DeleteObjects: 4.929500 ms)

AssetImportParameters requested are different than current active one (requested -> active):
  custom:video-decoder-ogg-theora: a1e56fd34408186e4bbccfd4996cb3dc -> 
  custom:container-muxer-webm: aa71ff27fc2769a1b78a27578f13a17b -> 
  custom:container-demuxer-webm: 4f35f7cbe854078d1ac9338744f61a02 -> 
  custom:video-encoder-webm-vp8: eb34c28f22e8b96e1ab97ce403110664 -> 
  custom:video-codec-MediaFoundation-h265: 746d11721c4dcdbdad8f713fa42b33f4 -> 
  custom:audio-encoder-webm-vorbis: bf7c407c2cedff20999df2af8eb42d56 -> 
  custom:framework-win-MediaFoundation: 216162199b28c13a410421893ffa2e32 -> 
  custom:container-demuxer-ogg: 62fdf1f143b41e24485cea50d1cbac27 -> 
  custom:video-decoder-webm-vp8: 9c59270c3fd7afecdb556c50c9e8de78 -> 
  custom:audio-decoder-ogg-vorbis: bf7c407c2cedff20999df2af8eb42d56 -> 
========================================================================
Received Prepare
Registering precompiled user dll's ...
Registered in 0.003177 seconds.
Begin MonoManager ReloadAssembly
Native extension for UWP target not found
Native extension for WindowsStandalone target not found
Native extension for iOS target not found
Native extension for Android target not found
Native extension for WebGL target not found
Refreshing native plugins compatible for Editor in 0.31 ms, found 0 plugins.
Preloading 0 native plugins for Editor in 0.00 ms.
Mono: successfully reloaded assembly
- Completed reload, in  0.765 seconds
Domain Reload Profiling:
	ReloadAssembly (765ms)
		BeginReloadAssembly (134ms)
			ExecutionOrderSort (0ms)
			DisableScriptedObjects (4ms)
			BackupInstance (0ms)
			ReleaseScriptingObjects (0ms)
			CreateAndSetChildDomain (24ms)
		EndReloadAssembly (531ms)
			LoadAssemblies (90ms)
			RebuildTransferFunctionScriptingTraits (0ms)
			SetupTypeCache (140ms)
			ReleaseScriptCaches (1ms)
			RebuildScriptCaches (28ms)
			SetupLoadedEditorAssemblies (244ms)
				LogAssemblyErrors (0ms)
				InitializePlatformSupportModulesInManaged (29ms)
				SetLoadedEditorAssemblies (0ms)
				RefreshPlugins (0ms)
				BeforeProcessingInitializeOnLoad (39ms)
				ProcessInitializeOnLoadAttributes (147ms)
				ProcessInitializeOnLoadMethodAttributes (14ms)
				AfterProcessingInitializeOnLoad (14ms)
				EditorAssembliesLoaded (0ms)
			ExecutionOrderSort2 (0ms)
			AwakeInstancesAfterBackupRestoration (10ms)
Platform modules already initialized, skipping
Refreshing native plugins compatible for Editor in 0.85 ms, found 0 plugins.
Preloading 0 native plugins for Editor in 0.00 ms.
Unloading 1388 Unused Serialized files (Serialized files now loaded: 0)
Unloading 79 unused Assets / (11.3 MB). Loaded Objects now: 1982.
Memory consumption went from 98.1 MB to 86.8 MB.
Total: 7.364700 ms (FindLiveObjects: 0.157400 ms CreateObjectMapping: 0.035800 ms MarkObjects: 2.647900 ms  DeleteObjects: 4.522600 ms)

AssetImportParameters requested are different than current active one (requested -> active):
  custom:video-decoder-ogg-theora: a1e56fd34408186e4bbccfd4996cb3dc -> 
  custom:container-muxer-webm: aa71ff27fc2769a1b78a27578f13a17b -> 
  custom:container-demuxer-webm: 4f35f7cbe854078d1ac9338744f61a02 -> 
  custom:video-encoder-webm-vp8: eb34c28f22e8b96e1ab97ce403110664 -> 
  custom:video-codec-MediaFoundation-h265: 746d11721c4dcdbdad8f713fa42b33f4 -> 
  custom:audio-encoder-webm-vorbis: bf7c407c2cedff20999df2af8eb42d56 -> 
  custom:framework-win-MediaFoundation: 216162199b28c13a410421893ffa2e32 -> 
  custom:container-demuxer-ogg: 62fdf1f143b41e24485cea50d1cbac27 -> 
  custom:video-decoder-webm-vp8: 9c59270c3fd7afecdb556c50c9e8de78 -> 
  custom:audio-decoder-ogg-vorbis: bf7c407c2cedff20999df2af8eb42d56 -> 
========================================================================
Received Prepare
Registering precompiled user dll's ...
Registered in 0.003836 seconds.
Begin MonoManager ReloadAssembly
Native extension for UWP target not found
Native extension for WindowsStandalone target not found
Native extension for iOS target not found
Native extension for Android target not found
Native extension for WebGL target not found
Refreshing native plugins compatible for Editor in 0.33 ms, found 0 plugins.
Preloading 0 native plugins for Editor in 0.00 ms.
Mono: successfully reloaded assembly
- Completed reload, in  0.775 seconds
Domain Reload Profiling:
	ReloadAssembly (776ms)
		BeginReloadAssembly (153ms)
			ExecutionOrderSort (0ms)
			DisableScriptedObjects (5ms)
			BackupInstance (0ms)
			ReleaseScriptingObjects (0ms)
			CreateAndSetChildDomain (38ms)
		EndReloadAssembly (527ms)
			LoadAssemblies (89ms)
			RebuildTransferFunctionScriptingTraits (0ms)
			SetupTypeCache (134ms)
			ReleaseScriptCaches (1ms)
			RebuildScriptCaches (29ms)
			SetupLoadedEditorAssemblies (245ms)
				LogAssemblyErrors (0ms)
				InitializePlatformSupportModulesInManaged (29ms)
				SetLoadedEditorAssemblies (0ms)
				RefreshPlugins (0ms)
				BeforeProcessingInitializeOnLoad (38ms)
				ProcessInitializeOnLoadAttributes (148ms)
				ProcessInitializeOnLoadMethodAttributes (14ms)
				AfterProcessingInitializeOnLoad (15ms)
				EditorAssembliesLoaded (0ms)
			ExecutionOrderSort2 (0ms)
			AwakeInstancesAfterBackupRestoration (11ms)
Platform modules already initialized, skipping
Refreshing native plugins compatible for Editor in 1.11 ms, found 0 plugins.
Preloading 0 native plugins for Editor in 0.00 ms.
Unloading 1388 Unused Serialized files (Serialized files now loaded: 0)
Unloading 79 unused Assets / (11.5 MB). Loaded Objects now: 1997.
Memory consumption went from 99.2 MB to 87.8 MB.
Total: 7.674800 ms (FindLiveObjects: 0.147900 ms CreateObjectMapping: 0.031900 ms MarkObjects: 2.564300 ms  DeleteObjects: 4.929800 ms)

AssetImportParameters requested are different than current active one (requested -> active):
  custom:video-decoder-ogg-theora: a1e56fd34408186e4bbccfd4996cb3dc -> 
  custom:container-muxer-webm: aa71ff27fc2769a1b78a27578f13a17b -> 
  custom:container-demuxer-webm: 4f35f7cbe854078d1ac9338744f61a02 -> 
  custom:video-encoder-webm-vp8: eb34c28f22e8b96e1ab97ce403110664 -> 
  custom:video-codec-MediaFoundation-h265: 746d11721c4dcdbdad8f713fa42b33f4 -> 
  custom:audio-encoder-webm-vorbis: bf7c407c2cedff20999df2af8eb42d56 -> 
  custom:framework-win-MediaFoundation: 216162199b28c13a410421893ffa2e32 -> 
  custom:container-demuxer-ogg: 62fdf1f143b41e24485cea50d1cbac27 -> 
  custom:video-decoder-webm-vp8: 9c59270c3fd7afecdb556c50c9e8de78 -> 
  custom:audio-decoder-ogg-vorbis: bf7c407c2cedff20999df2af8eb42d56 -> 
========================================================================
Received Import Request.
  Time since last request: 212271.952519 seconds.
  path: Assets/Audio/Retro_Sound_Pack/SoundEffects/Hit(Blip)/Hit10.wav
  artifactKey: Guid(fab20fe262c9ce041925592a131cef0a) Importer(815301076,1909f56bfc062723c751e8b465ee728b)
Start importing Assets/Audio/Retro_Sound_Pack/SoundEffects/Hit(Blip)/Hit10.wav using Guid(fab20fe262c9ce041925592a131cef0a) Importer(815301076,1909f56bfc062723c751e8b465ee728b)  -> (artifact id: '3e1ceca2450618c3405f8aae5d3569c3') in 0.164320 seconds 
========================================================================
Received Import Request.
  Time since last request: 0.000020 seconds.
  path: Assets/Audio/Retro_Sound_Pack/SoundEffects/Hit(Blip)/Hit34.wav
  artifactKey: Guid(e1a5e42e6a0c49045b92852ba5eeccad) Importer(815301076,1909f56bfc062723c751e8b465ee728b)
Start importing Assets/Audio/Retro_Sound_Pack/SoundEffects/Hit(Blip)/Hit34.wav using Guid(e1a5e42e6a0c49045b92852ba5eeccad) Importer(815301076,1909f56bfc062723c751e8b465ee728b)  -> (artifact id: '71bf3af32976855035efd8c2120bc423') in 0.012151 seconds 
========================================================================
Received Import Request.
  Time since last request: 0.000023 seconds.
  path: Assets/Audio/Retro_Sound_Pack/SoundEffects/Shoot/Laser8.wav
  artifactKey: Guid(01272f9ddde1c3048987bab7250621b4) Importer(815301076,1909f56bfc062723c751e8b465ee728b)
Start importing Assets/Audio/Retro_Sound_Pack/SoundEffects/Shoot/Laser8.wav using Guid(01272f9ddde1c3048987bab7250621b4) Importer(815301076,1909f56bfc062723c751e8b465ee728b)  -> (artifact id: 'a51de2f5bfb0f29a287a81f785082a7e') in 0.015042 seconds 
========================================================================
Received Import Request.
  Time since last request: 0.000020 seconds.
  path: Assets/Audio/Retro_Sound_Pack/SoundEffects/Shoot/Laser2.wav
  artifactKey: Guid(bd83fe12f4d8c9e46b00a2f97ebbe8e9) Importer(815301076,1909f56bfc062723c751e8b465ee728b)
Start importing Assets/Audio/Retro_Sound_Pack/SoundEffects/Shoot/Laser2.wav using Guid(bd83fe12f4d8c9e46b00a2f97ebbe8e9) Importer(815301076,1909f56bfc062723c751e8b465ee728b)  -> (artifact id: 'd50ead71d7224ffcd506b346cc657c47') in 0.020847 seconds 
========================================================================
Received Import Request.
  Time since last request: 0.000027 seconds.
  path: Assets/Audio/Retro_Sound_Pack/SoundEffects/Shoot/Laser5.wav
  artifactKey: Guid(a2114a39fc429b642a225571b3d236a9) Importer(815301076,1909f56bfc062723c751e8b465ee728b)
Start importing Assets/Audio/Retro_Sound_Pack/SoundEffects/Shoot/Laser5.wav using Guid(a2114a39fc429b642a225571b3d236a9) Importer(815301076,1909f56bfc062723c751e8b465ee728b)  -> (artifact id: 'f62a30917bd9b6a7d4d98e26ca3990b0') in 0.009679 seconds 
========================================================================
Received Import Request.
  Time since last request: 0.000021 seconds.
  path: Assets/Audio/Retro_Sound_Pack/SoundEffects/Jump/Jump14.wav
  artifactKey: Guid(e08b739ebba87be4daf86cc9ada31e4b) Importer(815301076,1909f56bfc062723c751e8b465ee728b)
Start importing Assets/Audio/Retro_Sound_Pack/SoundEffects/Jump/Jump14.wav using Guid(e08b739ebba87be4daf86cc9ada31e4b) Importer(815301076,1909f56bfc062723c751e8b465ee728b)  -> (artifact id: '2112954f5a9876f352918ea71f7d8ac3') in 0.008568 seconds 
========================================================================
Received Import Request.
  Time since last request: 0.000017 seconds.
  path: Assets/Audio/Retro_Sound_Pack/SoundEffects/Hit(Blip)/Hit25.wav
  artifactKey: Guid(1be7cf6c1964c5241b08b448d85ee733) Importer(815301076,1909f56bfc062723c751e8b465ee728b)
Start importing Assets/Audio/Retro_Sound_Pack/SoundEffects/Hit(Blip)/Hit25.wav using Guid(1be7cf6c1964c5241b08b448d85ee733) Importer(815301076,1909f56bfc062723c751e8b465ee728b)  -> (artifact id: '5a527754565d238797a0a04815b50a87') in 0.010136 seconds 
========================================================================
Received Import Request.
  Time since last request: 0.000015 seconds.
  path: Assets/Audio/Retro_Sound_Pack/SoundEffects/Jump/Jump5.wav
  artifactKey: Guid(3ff2624a6f5ce0046a3791133f0c2152) Importer(815301076,1909f56bfc062723c751e8b465ee728b)
Start importing Assets/Audio/Retro_Sound_Pack/SoundEffects/Jump/Jump5.wav using Guid(3ff2624a6f5ce0046a3791133f0c2152) Importer(815301076,1909f56bfc062723c751e8b465ee728b)  -> (artifact id: 'fa034e63658adcb286444d4d2179b09e') in 0.009603 seconds 
========================================================================
Received Import Request.
  Time since last request: 0.000017 seconds.
  path: Assets/Audio/Retro_Sound_Pack/SoundEffects/Hit(Blip)/Hit18.wav
  artifactKey: Guid(de0b83397277c494cad98f578ec355ef) Importer(815301076,1909f56bfc062723c751e8b465ee728b)
Start importing Assets/Audio/Retro_Sound_Pack/SoundEffects/Hit(Blip)/Hit18.wav using Guid(de0b83397277c494cad98f578ec355ef) Importer(815301076,1909f56bfc062723c751e8b465ee728b)  -> (artifact id: '74da3c873a1e64c8b3f8fd4b2a37f55d') in 0.008149 seconds 
========================================================================
Received Import Request.
  Time since last request: 0.000019 seconds.
  path: Assets/Audio/Retro_Sound_Pack/SoundEffects/Hit(Blip)/Hit19.wav
  artifactKey: Guid(032bacf49241c1d4abd02918343f5caf) Importer(815301076,1909f56bfc062723c751e8b465ee728b)
Start importing Assets/Audio/Retro_Sound_Pack/SoundEffects/Hit(Blip)/Hit19.wav using Guid(032bacf49241c1d4abd02918343f5caf) Importer(815301076,1909f56bfc062723c751e8b465ee728b)  -> (artifact id: '56d224235ca46f15b6dbb11ec3ce108a') in 0.007594 seconds 
========================================================================
Received Import Request.
  Time since last request: 0.000018 seconds.
  path: Assets/Audio/Retro_Sound_Pack/SoundEffects/Hit(Blip)/Hit30.wav
  artifactKey: Guid(2dbc30f4a48c9e044a000e1f4042c5a2) Importer(815301076,1909f56bfc062723c751e8b465ee728b)
Start importing Assets/Audio/Retro_Sound_Pack/SoundEffects/Hit(Blip)/Hit30.wav using Guid(2dbc30f4a48c9e044a000e1f4042c5a2) Importer(815301076,1909f56bfc062723c751e8b465ee728b)  -> (artifact id: '6f36603474acb64303cb983cd6f0809f') in 0.007831 seconds 
========================================================================
Received Import Request.
  Time since last request: 0.000016 seconds.
  path: Assets/Audio/Retro_Sound_Pack/SoundEffects/Jump/Jump7.wav
  artifactKey: Guid(d69bbd232e96abe49a69540c0ada77a8) Importer(815301076,1909f56bfc062723c751e8b465ee728b)
Start importing Assets/Audio/Retro_Sound_Pack/SoundEffects/Jump/Jump7.wav using Guid(d69bbd232e96abe49a69540c0ada77a8) Importer(815301076,1909f56bfc062723c751e8b465ee728b)  -> (artifact id: '3a4af20ad662ee723c8726d4be6548aa') in 0.008296 seconds 
========================================================================
Received Import Request.
  Time since last request: 0.000018 seconds.
  path: Assets/Audio/Retro_Sound_Pack/SoundEffects/Hit(Blip)/Hit28.wav
  artifactKey: Guid(92b6ca6ba754faf499d3dc0a95a37ab8) Importer(815301076,1909f56bfc062723c751e8b465ee728b)
Start importing Assets/Audio/Retro_Sound_Pack/SoundEffects/Hit(Blip)/Hit28.wav using Guid(92b6ca6ba754faf499d3dc0a95a37ab8) Importer(815301076,1909f56bfc062723c751e8b465ee728b)  -> (artifact id: '9bbb436062f2b818d08c09fd6acaceec') in 0.009561 seconds 
========================================================================
Received Import Request.
  Time since last request: 0.000016 seconds.
  path: Assets/Audio/Retro_Sound_Pack/SoundEffects/Shoot/Laser6.wav
  artifactKey: Guid(a805842c2b4df8d4f973b570a6521886) Importer(815301076,1909f56bfc062723c751e8b465ee728b)
Start importing Assets/Audio/Retro_Sound_Pack/SoundEffects/Shoot/Laser6.wav using Guid(a805842c2b4df8d4f973b570a6521886) Importer(815301076,1909f56bfc062723c751e8b465ee728b)  -> (artifact id: '217abd0ecc95e2275e3947b74b11f3e2') in 0.008324 seconds 
========================================================================
Received Import Request.
  Time since last request: 0.000015 seconds.
  path: Assets/Audio/Retro_Sound_Pack/SoundEffects/Shoot/Laser4.wav
  artifactKey: Guid(40b27d31b24b6684cbd03aec34501c62) Importer(815301076,1909f56bfc062723c751e8b465ee728b)
Start importing Assets/Audio/Retro_Sound_Pack/SoundEffects/Shoot/Laser4.wav using Guid(40b27d31b24b6684cbd03aec34501c62) Importer(815301076,1909f56bfc062723c751e8b465ee728b)  -> (artifact id: 'dedc383ff51514e70a0629cdb0fcbb0e') in 0.008843 seconds 
========================================================================
Received Import Request.
  Time since last request: 0.000013 seconds.
  path: Assets/Audio/Fantasy Sfx/Mp3/Jingle_Lose_00.mp3
  artifactKey: Guid(2f07c3b7706a64f489133201c2342886) Importer(815301076,1909f56bfc062723c751e8b465ee728b)
Start importing Assets/Audio/Fantasy Sfx/Mp3/Jingle_Lose_00.mp3 using Guid(2f07c3b7706a64f489133201c2342886) Importer(815301076,1909f56bfc062723c751e8b465ee728b)  -> (artifact id: '166b55e015e6117a484d5dc454b3b394') in 0.012836 seconds 
========================================================================
Received Import Request.
  Time since last request: 0.000022 seconds.
  path: Assets/Audio/Retro_Sound_Pack/SoundEffects/Hit(Blip)/Hit20.wav
  artifactKey: Guid(ec4ddd67d480ded438eaa41676a13bb3) Importer(815301076,1909f56bfc062723c751e8b465ee728b)
Start importing Assets/Audio/Retro_Sound_Pack/SoundEffects/Hit(Blip)/Hit20.wav using Guid(ec4ddd67d480ded438eaa41676a13bb3) Importer(815301076,1909f56bfc062723c751e8b465ee728b)  -> (artifact id: '03ed4f9a0e563b0dcddd5774218aba12') in 0.009186 seconds 
========================================================================
Received Import Request.
  Time since last request: 0.000028 seconds.
  path: Assets/Audio/Retro_Sound_Pack/SoundEffects/Hit(Blip)/Hit33.wav
  artifactKey: Guid(1bc98db60a9c46a4391d18c8edb9f6fc) Importer(815301076,1909f56bfc062723c751e8b465ee728b)
Start importing Assets/Audio/Retro_Sound_Pack/SoundEffects/Hit(Blip)/Hit33.wav using Guid(1bc98db60a9c46a4391d18c8edb9f6fc) Importer(815301076,1909f56bfc062723c751e8b465ee728b)  -> (artifact id: 'f02b947d8851c35dc9c3c9afe66eaedc') in 0.019087 seconds 
========================================================================
Received Import Request.
  Time since last request: 0.000019 seconds.
  path: Assets/Audio/Fantasy Sfx/Wav/Menu_Select_00.wav
  artifactKey: Guid(33b6cd7837c7642958dac012307e9086) Importer(815301076,1909f56bfc062723c751e8b465ee728b)
Start importing Assets/Audio/Fantasy Sfx/Wav/Menu_Select_00.wav using Guid(33b6cd7837c7642958dac012307e9086) Importer(815301076,1909f56bfc062723c751e8b465ee728b)  -> (artifact id: 'cdfa1618483fdb70e9cfcb2ea68cba0e') in 0.007857 seconds 
========================================================================
Received Import Request.
  Time since last request: 15.830177 seconds.
  path: Assets/Audio/Fantasy Sfx/Wav/Goblin_03.wav
  artifactKey: Guid(f32d44a6bdb854aa5b10a83f60a507ab) Importer(815301076,1909f56bfc062723c751e8b465ee728b)
Start importing Assets/Audio/Fantasy Sfx/Wav/Goblin_03.wav using Guid(f32d44a6bdb854aa5b10a83f60a507ab) Importer(815301076,1909f56bfc062723c751e8b465ee728b)  -> (artifact id: 'b3c8070a50b6accc149149fdd2a2a0c4') in 0.009586 seconds 
========================================================================
Received Import Request.
  Time since last request: 0.000020 seconds.
  path: Assets/Audio/Retro_Sound_Pack/SoundEffects/Hit(Blip)/Hit7.wav
  artifactKey: Guid(994fcc654db4a2246bcfc37a96d31942) Importer(815301076,1909f56bfc062723c751e8b465ee728b)
Start importing Assets/Audio/Retro_Sound_Pack/SoundEffects/Hit(Blip)/Hit7.wav using Guid(994fcc654db4a2246bcfc37a96d31942) Importer(815301076,1909f56bfc062723c751e8b465ee728b)  -> (artifact id: 'f4f9a3d1fea2fd72940a9374d929bdd1') in 0.008308 seconds 
========================================================================
Received Import Request.
  Time since last request: 0.000023 seconds.
  path: Assets/Audio/Retro_Sound_Pack/SoundEffects/Hit(Blip)/Hit4.wav
  artifactKey: Guid(2e2c4cd97fdc1b741b9441a9f224fd28) Importer(815301076,1909f56bfc062723c751e8b465ee728b)
Start importing Assets/Audio/Retro_Sound_Pack/SoundEffects/Hit(Blip)/Hit4.wav using Guid(2e2c4cd97fdc1b741b9441a9f224fd28) Importer(815301076,1909f56bfc062723c751e8b465ee728b)  -> (artifact id: '1b7f9010b81aaee7d5e3d2fcceb9b3c6') in 0.008732 seconds 
========================================================================
Received Import Request.
  Time since last request: 0.000015 seconds.
  path: Assets/Audio/Retro_Sound_Pack/SoundEffects/Hit(Blip)/Hit5.wav
  artifactKey: Guid(02d24c532f6ed4346a7e0f9eaf005d2c) Importer(815301076,1909f56bfc062723c751e8b465ee728b)
Start importing Assets/Audio/Retro_Sound_Pack/SoundEffects/Hit(Blip)/Hit5.wav using Guid(02d24c532f6ed4346a7e0f9eaf005d2c) Importer(815301076,1909f56bfc062723c751e8b465ee728b)  -> (artifact id: '7afe7d94448d03febd49f0247d5fa505') in 0.008280 seconds 
========================================================================
Received Import Request.
  Time since last request: 0.009621 seconds.
  path: Assets/Audio/Fantasy Sfx/Mp3/Footsteps/Footstep_Water_07.mp3
  artifactKey: Guid(c4c95fd958444446aacca5c7a33ba1a7) Importer(815301076,1909f56bfc062723c751e8b465ee728b)
Start importing Assets/Audio/Fantasy Sfx/Mp3/Footsteps/Footstep_Water_07.mp3 using Guid(c4c95fd958444446aacca5c7a33ba1a7) Importer(815301076,1909f56bfc062723c751e8b465ee728b)  -> (artifact id: '674958284e1854e203bbda0ca747fa6b') in 0.008147 seconds 
========================================================================
Received Import Request.
  Time since last request: 0.000018 seconds.
  path: Assets/Audio/Fantasy Sfx/Wav/Footsteps/Footstep_Water_07.wav
  artifactKey: Guid(ddc836e71a287472f84ae230e7382010) Importer(815301076,1909f56bfc062723c751e8b465ee728b)
Start importing Assets/Audio/Fantasy Sfx/Wav/Footsteps/Footstep_Water_07.wav using Guid(ddc836e71a287472f84ae230e7382010) Importer(815301076,1909f56bfc062723c751e8b465ee728b)  -> (artifact id: 'd0c75328cbcdc6e4f7a3ff9b6299772c') in 0.008510 seconds 
========================================================================
Received Import Request.
  Time since last request: 0.000017 seconds.
  path: Assets/Audio/3rd Note SFX Pack_Vol.1 Wonder FX/UI/Gauge_up 2.wav
  artifactKey: Guid(ed72ff95b5e05ea4390ebb9c8be940ee) Importer(815301076,1909f56bfc062723c751e8b465ee728b)
Start importing Assets/Audio/3rd Note SFX Pack_Vol.1 Wonder FX/UI/Gauge_up 2.wav using Guid(ed72ff95b5e05ea4390ebb9c8be940ee) Importer(815301076,1909f56bfc062723c751e8b465ee728b)  -> (artifact id: '4a54cbd5f68756cd1663350f9668e1e2') in 0.009949 seconds 
========================================================================
Received Import Request.
  Time since last request: 0.000018 seconds.
  path: Assets/Audio/Fantasy Sfx/Wav/Footsteps/Footstep_Water_00.wav
  artifactKey: Guid(f19e74cad832142c99ce7fdf008daa40) Importer(815301076,1909f56bfc062723c751e8b465ee728b)
Start importing Assets/Audio/Fantasy Sfx/Wav/Footsteps/Footstep_Water_00.wav using Guid(f19e74cad832142c99ce7fdf008daa40) Importer(815301076,1909f56bfc062723c751e8b465ee728b)  -> (artifact id: '3aeb95caad703e4acb1e9c50690d63f3') in 0.009544 seconds 
========================================================================
Received Import Request.
  Time since last request: 0.000016 seconds.
  path: Assets/Audio/Fantasy Sfx/Mp3/Footsteps/Footstep_Water_04.mp3
  artifactKey: Guid(273eb9554375f4ebb9e87931ec8335a0) Importer(815301076,1909f56bfc062723c751e8b465ee728b)
Start importing Assets/Audio/Fantasy Sfx/Mp3/Footsteps/Footstep_Water_04.mp3 using Guid(273eb9554375f4ebb9e87931ec8335a0) Importer(815301076,1909f56bfc062723c751e8b465ee728b)  -> (artifact id: '4c111468c31b5a5ba4eb22eb5ee7cf16') in 0.009658 seconds 
========================================================================
Received Import Request.
  Time since last request: 0.000016 seconds.
  path: Assets/Audio/Fantasy Sfx/Mp3/Footsteps/Footstep_Dirt_06.mp3
  artifactKey: Guid(dd1266cc97b6b4a38a280331273cb1ed) Importer(815301076,1909f56bfc062723c751e8b465ee728b)
Start importing Assets/Audio/Fantasy Sfx/Mp3/Footsteps/Footstep_Dirt_06.mp3 using Guid(dd1266cc97b6b4a38a280331273cb1ed) Importer(815301076,1909f56bfc062723c751e8b465ee728b)  -> (artifact id: '15f9329f35ee615e32b9e5c0f48971db') in 0.009122 seconds 
========================================================================
Received Import Request.
  Time since last request: 0.000020 seconds.
  path: Assets/Audio/Fantasy Sfx/Wav/Footsteps/Footstep_Dirt_09.wav
  artifactKey: Guid(3a06a27039e144e5c853a93d408fd63a) Importer(815301076,1909f56bfc062723c751e8b465ee728b)
Start importing Assets/Audio/Fantasy Sfx/Wav/Footsteps/Footstep_Dirt_09.wav using Guid(3a06a27039e144e5c853a93d408fd63a) Importer(815301076,1909f56bfc062723c751e8b465ee728b)  -> (artifact id: '6f4c291fb1569b0170f8cd3580612a41') in 0.008792 seconds 
========================================================================
Received Import Request.
  Time since last request: 0.000022 seconds.
  path: Assets/Audio/Fantasy Sfx/Mp3/Footsteps/Footstep_Water_05.mp3
  artifactKey: Guid(61467420665bc4bb782283cc97cebfdb) Importer(815301076,1909f56bfc062723c751e8b465ee728b)
Start importing Assets/Audio/Fantasy Sfx/Mp3/Footsteps/Footstep_Water_05.mp3 using Guid(61467420665bc4bb782283cc97cebfdb) Importer(815301076,1909f56bfc062723c751e8b465ee728b)  -> (artifact id: '016c941ffbcd7bcb9129443b37a32593') in 0.008912 seconds 
========================================================================
Received Import Request.
  Time since last request: 0.000017 seconds.
  path: Assets/Audio/Fantasy Sfx/Mp3/Footsteps/Footstep_Dirt_07.mp3
  artifactKey: Guid(1c30db6cd8fb645049fe02656a68d721) Importer(815301076,1909f56bfc062723c751e8b465ee728b)
Start importing Assets/Audio/Fantasy Sfx/Mp3/Footsteps/Footstep_Dirt_07.mp3 using Guid(1c30db6cd8fb645049fe02656a68d721) Importer(815301076,1909f56bfc062723c751e8b465ee728b)  -> (artifact id: '5e0b6dd6112e0183718abaf1689f8e4f') in 0.008769 seconds 
========================================================================
Received Import Request.
  Time since last request: 0.000021 seconds.
  path: Assets/Audio/Fantasy Sfx/Wav/Footsteps/Footstep_Water_05.wav
  artifactKey: Guid(db19e03f19d7f4c8aac6ffbf748d3ccc) Importer(815301076,1909f56bfc062723c751e8b465ee728b)
Start importing Assets/Audio/Fantasy Sfx/Wav/Footsteps/Footstep_Water_05.wav using Guid(db19e03f19d7f4c8aac6ffbf748d3ccc) Importer(815301076,1909f56bfc062723c751e8b465ee728b)  -> (artifact id: 'ff116569941909292bb4636a27d85ff0') in 0.010458 seconds 
========================================================================
Received Import Request.
  Time since last request: 0.102235 seconds.
  path: Assets/Audio/Fantasy Sfx/Mp3/Footsteps/Footstep_Dirt_00.mp3
  artifactKey: Guid(22b5b26c3429f42c482afafb562afc2a) Importer(815301076,1909f56bfc062723c751e8b465ee728b)
Start importing Assets/Audio/Fantasy Sfx/Mp3/Footsteps/Footstep_Dirt_00.mp3 using Guid(22b5b26c3429f42c482afafb562afc2a) Importer(815301076,1909f56bfc062723c751e8b465ee728b)  -> (artifact id: 'e023397fa03f5476aff76389f63b9739') in 0.021298 seconds 
========================================================================
Received Import Request.
  Time since last request: 0.000021 seconds.
  path: Assets/Audio/Fantasy Sfx/Wav/Footsteps/Footstep_Dirt_02.wav
  artifactKey: Guid(64049f336db3d403dabd0425eb159922) Importer(815301076,1909f56bfc062723c751e8b465ee728b)
Start importing Assets/Audio/Fantasy Sfx/Wav/Footsteps/Footstep_Dirt_02.wav using Guid(64049f336db3d403dabd0425eb159922) Importer(815301076,1909f56bfc062723c751e8b465ee728b)  -> (artifact id: '4daa8f4f7dcfb6a76e90dd1a4a6dc34b') in 0.009334 seconds 
========================================================================
Received Import Request.
  Time since last request: 0.000017 seconds.
  path: Assets/Audio/Retro_Sound_Pack/SoundEffects/Explosion/Explosion11.wav
  artifactKey: Guid(d1dca8d941152d145908d99e77da07a9) Importer(815301076,1909f56bfc062723c751e8b465ee728b)
Start importing Assets/Audio/Retro_Sound_Pack/SoundEffects/Explosion/Explosion11.wav using Guid(d1dca8d941152d145908d99e77da07a9) Importer(815301076,1909f56bfc062723c751e8b465ee728b)  -> (artifact id: '19c3c72a242886a3c7ea332d53f5cf10') in 0.009350 seconds 
========================================================================
Received Import Request.
  Time since last request: 0.000022 seconds.
  path: Assets/Audio/Retro_Sound_Pack/SoundEffects/Explosion/Explosion6.wav
  artifactKey: Guid(efc5ce494f577ee489ea4d3af8d74687) Importer(815301076,1909f56bfc062723c751e8b465ee728b)
Start importing Assets/Audio/Retro_Sound_Pack/SoundEffects/Explosion/Explosion6.wav using Guid(efc5ce494f577ee489ea4d3af8d74687) Importer(815301076,1909f56bfc062723c751e8b465ee728b)  -> (artifact id: 'b84e565661397abfd87200953e8dcd2b') in 0.009518 seconds 
========================================================================
Received Import Request.
  Time since last request: 0.000016 seconds.
  path: Assets/Audio/Retro_Sound_Pack/SoundEffects/Explosion/Explosion3.wav
  artifactKey: Guid(401ab34d6f54c944783c330438212e72) Importer(815301076,1909f56bfc062723c751e8b465ee728b)
Start importing Assets/Audio/Retro_Sound_Pack/SoundEffects/Explosion/Explosion3.wav using Guid(401ab34d6f54c944783c330438212e72) Importer(815301076,1909f56bfc062723c751e8b465ee728b)  -> (artifact id: '4ed019dd41c421dd1f0c7c9cb03b5921') in 0.010061 seconds 
========================================================================
Received Import Request.
  Time since last request: 0.000022 seconds.
  path: Assets/Audio/Retro_Sound_Pack/SoundEffects/Explosion/Explosion5.wav
  artifactKey: Guid(a4a5308a566e12f49af043d145ee0e52) Importer(815301076,1909f56bfc062723c751e8b465ee728b)
Start importing Assets/Audio/Retro_Sound_Pack/SoundEffects/Explosion/Explosion5.wav using Guid(a4a5308a566e12f49af043d145ee0e52) Importer(815301076,1909f56bfc062723c751e8b465ee728b)  -> (artifact id: 'bbb77a84d76ad380989d47e7d4f8b6d4') in 0.010539 seconds 
========================================================================
Received Import Request.
  Time since last request: 0.000017 seconds.
  path: Assets/Audio/Retro_Sound_Pack/SoundEffects/Explosion/Explosion10.wav
  artifactKey: Guid(841855b697b98f44b94a29e7a122dad6) Importer(815301076,1909f56bfc062723c751e8b465ee728b)
Start importing Assets/Audio/Retro_Sound_Pack/SoundEffects/Explosion/Explosion10.wav using Guid(841855b697b98f44b94a29e7a122dad6) Importer(815301076,1909f56bfc062723c751e8b465ee728b)  -> (artifact id: '559744c574f3288bab411719f2ecb06d') in 0.009072 seconds 
========================================================================
Received Import Request.
  Time since last request: 0.000033 seconds.
  path: Assets/Audio/Retro_Sound_Pack/SoundEffects/Explosion/Explosion13.wav
  artifactKey: Guid(7fc8cca5aaeefc94baa5f797345dab02) Importer(815301076,1909f56bfc062723c751e8b465ee728b)
Start importing Assets/Audio/Retro_Sound_Pack/SoundEffects/Explosion/Explosion13.wav using Guid(7fc8cca5aaeefc94baa5f797345dab02) Importer(815301076,1909f56bfc062723c751e8b465ee728b)  -> (artifact id: '2f9d49ae47d80e3ecb18ed4565ba7aca') in 0.007980 seconds 
========================================================================
Received Import Request.
  Time since last request: 0.013059 seconds.
  path: Assets/Audio/Retro_Sound_Pack/SoundEffects/DrumBeats(8bit)/DrumBeat 1.wav
  artifactKey: Guid(4cb94c6375710934c88b420a21c7f073) Importer(815301076,1909f56bfc062723c751e8b465ee728b)
Start importing Assets/Audio/Retro_Sound_Pack/SoundEffects/DrumBeats(8bit)/DrumBeat 1.wav using Guid(4cb94c6375710934c88b420a21c7f073) Importer(815301076,1909f56bfc062723c751e8b465ee728b)  -> (artifact id: 'a7824d75565a23699bbac880b3d21e39') in 0.009820 seconds 
========================================================================
Received Import Request.
  Time since last request: 0.000015 seconds.
  path: Assets/Audio/Retro_Sound_Pack/SoundEffects/DrumBeats(8bit)/DrumBeat6.wav
  artifactKey: Guid(11bbfb32c859a5f4e9e9b957e9d53081) Importer(815301076,1909f56bfc062723c751e8b465ee728b)
Start importing Assets/Audio/Retro_Sound_Pack/SoundEffects/DrumBeats(8bit)/DrumBeat6.wav using Guid(11bbfb32c859a5f4e9e9b957e9d53081) Importer(815301076,1909f56bfc062723c751e8b465ee728b)  -> (artifact id: '25e69c6ef5933451581fdb60dfed68b2') in 0.010749 seconds 
========================================================================
Received Prepare
Registering precompiled user dll's ...
Registered in 0.003302 seconds.
Begin MonoManager ReloadAssembly
Native extension for UWP target not found
Native extension for WindowsStandalone target not found
Native extension for iOS target not found
Native extension for Android target not found
Native extension for WebGL target not found
Refreshing native plugins compatible for Editor in 0.41 ms, found 0 plugins.
Preloading 0 native plugins for Editor in 0.00 ms.
Mono: successfully reloaded assembly
- Completed reload, in  0.975 seconds
Domain Reload Profiling:
	ReloadAssembly (976ms)
		BeginReloadAssembly (169ms)
			ExecutionOrderSort (0ms)
			DisableScriptedObjects (4ms)
			BackupInstance (0ms)
			ReleaseScriptingObjects (0ms)
			CreateAndSetChildDomain (29ms)
		EndReloadAssembly (696ms)
			LoadAssemblies (118ms)
			RebuildTransferFunctionScriptingTraits (0ms)
			SetupTypeCache (144ms)
			ReleaseScriptCaches (1ms)
			RebuildScriptCaches (25ms)
			SetupLoadedEditorAssemblies (384ms)
				LogAssemblyErrors (0ms)
				InitializePlatformSupportModulesInManaged (41ms)
				SetLoadedEditorAssemblies (0ms)
				RefreshPlugins (0ms)
				BeforeProcessingInitializeOnLoad (67ms)
				ProcessInitializeOnLoadAttributes (232ms)
				ProcessInitializeOnLoadMethodAttributes (20ms)
				AfterProcessingInitializeOnLoad (24ms)
				EditorAssembliesLoaded (0ms)
			ExecutionOrderSort2 (0ms)
			AwakeInstancesAfterBackupRestoration (13ms)
Platform modules already initialized, skipping
Refreshing native plugins compatible for Editor in 1.07 ms, found 0 plugins.
Preloading 0 native plugins for Editor in 0.00 ms.
Unloading 1388 Unused Serialized files (Serialized files now loaded: 0)
Unloading 79 unused Assets / (11.4 MB). Loaded Objects now: 2020.
Memory consumption went from 103.2 MB to 91.8 MB.
Total: 10.678500 ms (FindLiveObjects: 0.278300 ms CreateObjectMapping: 0.058400 ms MarkObjects: 3.298400 ms  DeleteObjects: 7.042000 ms)

AssetImportParameters requested are different than current active one (requested -> active):
  custom:video-decoder-ogg-theora: a1e56fd34408186e4bbccfd4996cb3dc -> 
  custom:container-muxer-webm: aa71ff27fc2769a1b78a27578f13a17b -> 
  custom:container-demuxer-webm: 4f35f7cbe854078d1ac9338744f61a02 -> 
  custom:video-encoder-webm-vp8: eb34c28f22e8b96e1ab97ce403110664 -> 
  custom:video-codec-MediaFoundation-h265: 746d11721c4dcdbdad8f713fa42b33f4 -> 
  custom:audio-encoder-webm-vorbis: bf7c407c2cedff20999df2af8eb42d56 -> 
  custom:framework-win-MediaFoundation: 216162199b28c13a410421893ffa2e32 -> 
  custom:container-demuxer-ogg: 62fdf1f143b41e24485cea50d1cbac27 -> 
  custom:video-decoder-webm-vp8: 9c59270c3fd7afecdb556c50c9e8de78 -> 
  custom:audio-decoder-ogg-vorbis: bf7c407c2cedff20999df2af8eb42d56 -> 
Editor requested this worker to shutdown with reason: Scaling down because of idle timeout
AssetImportWorker is now disconnected from the server
Process exiting
Exiting without the bug reporter. Application will terminate with return code 0