Using pre-set license
Built from '2021.3/china_unity/release' branch; Version is '2021.3.1f1c1 (0cb3bd085a01) revision 832445'; Using compiler version '192829333'; Build Type 'Release'
OS: 'Windows 11  (10.0.22000) 64bit CoreCountrySpecific' Language: 'zh' Physical Memory: 14188 MB
BatchMode: 1, IsHumanControllingUs: 0, StartBugReporterOnCrash: 0, Is64bit: 1, IsPro: 1

COMMAND LINE ARGUMENTS:
D:\Program Files (x86)\Unity\2021.3.1f1c1\Editor\Unity.exe
-adb2
-batchMode
-noUpm
-name
AssetImportWorker0
-projectPath
E:/Unity Projects/Platform Controller Tutorial/Platform Controller Game
-logFile
Logs/AssetImportWorker0.log
-srvPort
56221
Successfully changed project path to: E:/Unity Projects/Platform Controller Tutorial/Platform Controller Game
E:/Unity Projects/Platform Controller Tutorial/Platform Controller Game
[UnityMemory] Configuration Parameters - Can be set up in boot.config
    "memorysetup-bucket-allocator-granularity=16"
    "memorysetup-bucket-allocator-bucket-count=8"
    "memorysetup-bucket-allocator-block-size=33554432"
    "memorysetup-bucket-allocator-block-count=8"
    "memorysetup-main-allocator-block-size=16777216"
    "memorysetup-thread-allocator-block-size=16777216"
    "memorysetup-gfx-main-allocator-block-size=16777216"
    "memorysetup-gfx-thread-allocator-block-size=16777216"
    "memorysetup-cache-allocator-block-size=4194304"
    "memorysetup-typetree-allocator-block-size=2097152"
    "memorysetup-profiler-bucket-allocator-granularity=16"
    "memorysetup-profiler-bucket-allocator-bucket-count=8"
    "memorysetup-profiler-bucket-allocator-block-size=33554432"
    "memorysetup-profiler-bucket-allocator-block-count=8"
    "memorysetup-profiler-allocator-block-size=16777216"
    "memorysetup-profiler-editor-allocator-block-size=1048576"
    "memorysetup-temp-allocator-size-main=16777216"
    "memorysetup-job-temp-allocator-block-size=2097152"
    "memorysetup-job-temp-allocator-block-size-background=1048576"
    "memorysetup-job-temp-allocator-reduction-small-platforms=262144"
    "memorysetup-temp-allocator-size-background-worker=32768"
    "memorysetup-temp-allocator-size-job-worker=262144"
    "memorysetup-temp-allocator-size-preload-manager=33554432"
    "memorysetup-temp-allocator-size-nav-mesh-worker=65536"
    "memorysetup-temp-allocator-size-audio-worker=65536"
    "memorysetup-temp-allocator-size-cloud-worker=32768"
    "memorysetup-temp-allocator-size-gi-baking-worker=262144"
    "memorysetup-temp-allocator-size-gfx=262144"
AS: AutoStreaming module initializing.
Refreshing native plugins compatible for Editor in 27.29 ms, found 0 plugins.
Preloading 0 native plugins for Editor in 0.00 ms.
Initialize engine version: 2021.3.1f1c1 (0cb3bd085a01)
[Subsystems] Discovering subsystems at path D:/Program Files (x86)/Unity/2021.3.1f1c1/Editor/Data/Resources/UnitySubsystems
[Subsystems] Discovering subsystems at path E:/Unity Projects/Platform Controller Tutorial/Platform Controller Game/Assets
GfxDevice: creating device client; threaded=0; jobified=0
Direct3D:
    Version:  Direct3D 11.0 [level 11.1]
    Renderer: NVIDIA GeForce RTX 3060 Laptop GPU (ID=0x2560)
    Vendor:   NVIDIA
    VRAM:     6023 MB
    Driver:   30.0.15.1215
Initialize mono
Mono path[0] = 'D:/Program Files (x86)/Unity/2021.3.1f1c1/Editor/Data/Managed'
Mono path[1] = 'D:/Program Files (x86)/Unity/2021.3.1f1c1/Editor/Data/MonoBleedingEdge/lib/mono/unityjit-win32'
Mono config path = 'D:/Program Files (x86)/Unity/2021.3.1f1c1/Editor/Data/MonoBleedingEdge/etc'
Using monoOptions --debugger-agent=transport=dt_socket,embedding=1,server=y,suspend=n,address=127.0.0.1:56792
Begin MonoManager ReloadAssembly
Registering precompiled unity dll's ...
Register platform support module: D:/Program Files (x86)/Unity/2021.3.1f1c1/Editor/Data/PlaybackEngines/WebGLSupport/UnityEditor.WebGL.Extensions.dll
Register platform support module: D:/Program Files (x86)/Unity/2021.3.1f1c1/Editor/Data/PlaybackEngines/AndroidPlayer/UnityEditor.Android.Extensions.dll
Register platform support module: D:/Program Files (x86)/Unity/2021.3.1f1c1/Editor/Data/PlaybackEngines/iOSSupport/UnityEditor.iOS.Extensions.dll
Register platform support module: D:/Program Files (x86)/Unity/2021.3.1f1c1/Editor/Data/PlaybackEngines/WindowsStandaloneSupport/UnityEditor.WindowsStandalone.Extensions.dll
Register platform support module: D:/Program Files (x86)/Unity/2021.3.1f1c1/Editor/Data/PlaybackEngines/MetroSupport/UnityEditor.UWP.Extensions.dll
Registered in 0.008952 seconds.
Native extension for UWP target not found
Native extension for WindowsStandalone target not found
[usbmuxd] Start listen thread
[usbmuxd] Listen thread started
Native extension for iOS target not found
Native extension for Android target not found
Native extension for WebGL target not found
Refreshing native plugins compatible for Editor in 25.12 ms, found 0 plugins.
Preloading 0 native plugins for Editor in 0.00 ms.
Mono: successfully reloaded assembly
- Completed reload, in  0.550 seconds
Domain Reload Profiling:
	ReloadAssembly (551ms)
		BeginReloadAssembly (82ms)
			ExecutionOrderSort (0ms)
			DisableScriptedObjects (0ms)
			BackupInstance (0ms)
			ReleaseScriptingObjects (0ms)
			CreateAndSetChildDomain (1ms)
		EndReloadAssembly (355ms)
			LoadAssemblies (79ms)
			RebuildTransferFunctionScriptingTraits (0ms)
			SetupTypeCache (81ms)
			ReleaseScriptCaches (0ms)
			RebuildScriptCaches (19ms)
			SetupLoadedEditorAssemblies (198ms)
				LogAssemblyErrors (0ms)
				InitializePlatformSupportModulesInManaged (56ms)
				SetLoadedEditorAssemblies (0ms)
				RefreshPlugins (25ms)
				BeforeProcessingInitializeOnLoad (1ms)
				ProcessInitializeOnLoadAttributes (74ms)
				ProcessInitializeOnLoadMethodAttributes (41ms)
				AfterProcessingInitializeOnLoad (0ms)
				EditorAssembliesLoaded (0ms)
			ExecutionOrderSort2 (0ms)
			AwakeInstancesAfterBackupRestoration (0ms)
Platform modules already initialized, skipping
Registering precompiled user dll's ...
Registered in 0.003448 seconds.
Begin MonoManager ReloadAssembly
Native extension for UWP target not found
Native extension for WindowsStandalone target not found
Native extension for iOS target not found
Native extension for Android target not found
Native extension for WebGL target not found
Refreshing native plugins compatible for Editor in 25.30 ms, found 0 plugins.
Preloading 0 native plugins for Editor in 0.00 ms.
Mono: successfully reloaded assembly
- Completed reload, in  0.888 seconds
Domain Reload Profiling:
	ReloadAssembly (889ms)
		BeginReloadAssembly (224ms)
			ExecutionOrderSort (0ms)
			DisableScriptedObjects (5ms)
			BackupInstance (0ms)
			ReleaseScriptingObjects (0ms)
			CreateAndSetChildDomain (130ms)
		EndReloadAssembly (554ms)
			LoadAssemblies (80ms)
			RebuildTransferFunctionScriptingTraits (0ms)
			SetupTypeCache (133ms)
			ReleaseScriptCaches (0ms)
			RebuildScriptCaches (30ms)
			SetupLoadedEditorAssemblies (279ms)
				LogAssemblyErrors (0ms)
				InitializePlatformSupportModulesInManaged (21ms)
				SetLoadedEditorAssemblies (0ms)
				RefreshPlugins (25ms)
				BeforeProcessingInitializeOnLoad (48ms)
				ProcessInitializeOnLoadAttributes (159ms)
				ProcessInitializeOnLoadMethodAttributes (13ms)
				AfterProcessingInitializeOnLoad (13ms)
				EditorAssembliesLoaded (0ms)
			ExecutionOrderSort2 (0ms)
			AwakeInstancesAfterBackupRestoration (10ms)
Platform modules already initialized, skipping
========================================================================
Worker process is ready to serve import requests
Launched and connected shader compiler UnityShaderCompiler.exe after 0.04 seconds
Refreshing native plugins compatible for Editor in 0.33 ms, found 0 plugins.
Preloading 0 native plugins for Editor in 0.00 ms.
Unloading 1473 Unused Serialized files (Serialized files now loaded: 0)
Unloading 100 unused Assets / (11.5 MB). Loaded Objects now: 1880.
Memory consumption went from 107.7 MB to 96.2 MB.
Total: 6.274700 ms (FindLiveObjects: 0.165000 ms CreateObjectMapping: 0.069100 ms MarkObjects: 2.307100 ms  DeleteObjects: 3.732300 ms)

AssetImportParameters requested are different than current active one (requested -> active):
  custom:video-decoder-ogg-theora: a1e56fd34408186e4bbccfd4996cb3dc -> 
  custom:container-muxer-webm: aa71ff27fc2769a1b78a27578f13a17b -> 
  custom:container-demuxer-webm: 4f35f7cbe854078d1ac9338744f61a02 -> 
  custom:video-encoder-webm-vp8: eb34c28f22e8b96e1ab97ce403110664 -> 
  custom:video-codec-MediaFoundation-h265: 746d11721c4dcdbdad8f713fa42b33f4 -> 
  custom:audio-encoder-webm-vorbis: bf7c407c2cedff20999df2af8eb42d56 -> 
  custom:framework-win-MediaFoundation: 216162199b28c13a410421893ffa2e32 -> 
  custom:container-demuxer-ogg: 62fdf1f143b41e24485cea50d1cbac27 -> 
  custom:video-decoder-webm-vp8: 9c59270c3fd7afecdb556c50c9e8de78 -> 
  custom:audio-decoder-ogg-vorbis: bf7c407c2cedff20999df2af8eb42d56 -> 
========================================================================
Received Import Request.
  Time since last request: 222177.064574 seconds.
  path: Assets/Animations/UI/Tips
  artifactKey: Guid(ff363bcf33aee6043a5701e9154257d0) Importer(815301076,1909f56bfc062723c751e8b465ee728b)
Start importing Assets/Animations/UI/Tips using Guid(ff363bcf33aee6043a5701e9154257d0) Importer(815301076,1909f56bfc062723c751e8b465ee728b)  -> (artifact id: '5c777709b38203c8c95c4a8b7ff07009') in 0.005330 seconds 
========================================================================
Received Import Request.
  Time since last request: 64.314616 seconds.
  path: Assets/Animations/UI/Tips/PlayTips.anim
  artifactKey: Guid(c49ca710b1ce0514298ba36ee7eaa5be) Importer(815301076,1909f56bfc062723c751e8b465ee728b)
Start importing Assets/Animations/UI/Tips/PlayTips.anim using Guid(c49ca710b1ce0514298ba36ee7eaa5be) Importer(815301076,1909f56bfc062723c751e8b465ee728b)  -> (artifact id: 'efc0d3f9856ac61e3eb1e26cc6d8a249') in 0.033985 seconds 
========================================================================
Received Import Request.
  Time since last request: 11.098135 seconds.
  path: Assets/Animations/UI/Tips/TipsPanel.controller
  artifactKey: Guid(029ea41621f46384186472ff8a61b6cf) Importer(815301076,1909f56bfc062723c751e8b465ee728b)
Start importing Assets/Animations/UI/Tips/TipsPanel.controller using Guid(029ea41621f46384186472ff8a61b6cf) Importer(815301076,1909f56bfc062723c751e8b465ee728b)  -> (artifact id: '6afea5d261df34d7b448026973987e66') in 0.008087 seconds 
========================================================================
Received Import Request.
  Time since last request: 99.701377 seconds.
  path: Assets/Animations/UI/Tips/PlayTips.anim
  artifactKey: Guid(c49ca710b1ce0514298ba36ee7eaa5be) Importer(815301076,1909f56bfc062723c751e8b465ee728b)
Start importing Assets/Animations/UI/Tips/PlayTips.anim using Guid(c49ca710b1ce0514298ba36ee7eaa5be) Importer(815301076,1909f56bfc062723c751e8b465ee728b)  -> (artifact id: '9d9bc9fe7974dbd0d4dc66d0511bfa17') in 0.003390 seconds 
========================================================================
Received Import Request.
  Time since last request: 0.320209 seconds.
  path: Assets/Animations/UI/Tips/TipsPanel.controller
  artifactKey: Guid(029ea41621f46384186472ff8a61b6cf) Importer(815301076,1909f56bfc062723c751e8b465ee728b)
Start importing Assets/Animations/UI/Tips/TipsPanel.controller using Guid(029ea41621f46384186472ff8a61b6cf) Importer(815301076,1909f56bfc062723c751e8b465ee728b)  -> (artifact id: '650cf894dbc7d944d8a2640ebe8f04b0') in 0.003231 seconds 
========================================================================
Received Prepare
Registering precompiled user dll's ...
Registered in 0.003133 seconds.
Begin MonoManager ReloadAssembly
Native extension for UWP target not found
Native extension for WindowsStandalone target not found
Native extension for iOS target not found
Native extension for Android target not found
Native extension for WebGL target not found
Refreshing native plugins compatible for Editor in 0.25 ms, found 0 plugins.
Preloading 0 native plugins for Editor in 0.00 ms.
Mono: successfully reloaded assembly
- Completed reload, in  0.792 seconds
Domain Reload Profiling:
	ReloadAssembly (793ms)
		BeginReloadAssembly (137ms)
			ExecutionOrderSort (0ms)
			DisableScriptedObjects (4ms)
			BackupInstance (0ms)
			ReleaseScriptingObjects (0ms)
			CreateAndSetChildDomain (23ms)
		EndReloadAssembly (564ms)
			LoadAssemblies (88ms)
			RebuildTransferFunctionScriptingTraits (0ms)
			SetupTypeCache (146ms)
			ReleaseScriptCaches (1ms)
			RebuildScriptCaches (28ms)
			SetupLoadedEditorAssemblies (253ms)
				LogAssemblyErrors (0ms)
				InitializePlatformSupportModulesInManaged (32ms)
				SetLoadedEditorAssemblies (0ms)
				RefreshPlugins (0ms)
				BeforeProcessingInitializeOnLoad (39ms)
				ProcessInitializeOnLoadAttributes (150ms)
				ProcessInitializeOnLoadMethodAttributes (15ms)
				AfterProcessingInitializeOnLoad (16ms)
				EditorAssembliesLoaded (0ms)
			ExecutionOrderSort2 (0ms)
			AwakeInstancesAfterBackupRestoration (12ms)
Platform modules already initialized, skipping
Refreshing native plugins compatible for Editor in 0.93 ms, found 0 plugins.
Preloading 0 native plugins for Editor in 0.00 ms.
Unloading 1389 Unused Serialized files (Serialized files now loaded: 0)
Unloading 79 unused Assets / (11.4 MB). Loaded Objects now: 1895.
Memory consumption went from 99.5 MB to 88.0 MB.
Total: 8.149900 ms (FindLiveObjects: 0.161000 ms CreateObjectMapping: 0.031600 ms MarkObjects: 3.292600 ms  DeleteObjects: 4.663400 ms)

AssetImportParameters requested are different than current active one (requested -> active):
  custom:video-decoder-ogg-theora: a1e56fd34408186e4bbccfd4996cb3dc -> 
  custom:container-muxer-webm: aa71ff27fc2769a1b78a27578f13a17b -> 
  custom:container-demuxer-webm: 4f35f7cbe854078d1ac9338744f61a02 -> 
  custom:video-encoder-webm-vp8: eb34c28f22e8b96e1ab97ce403110664 -> 
  custom:video-codec-MediaFoundation-h265: 746d11721c4dcdbdad8f713fa42b33f4 -> 
  custom:audio-encoder-webm-vorbis: bf7c407c2cedff20999df2af8eb42d56 -> 
  custom:framework-win-MediaFoundation: 216162199b28c13a410421893ffa2e32 -> 
  custom:container-demuxer-ogg: 62fdf1f143b41e24485cea50d1cbac27 -> 
  custom:video-decoder-webm-vp8: 9c59270c3fd7afecdb556c50c9e8de78 -> 
  custom:audio-decoder-ogg-vorbis: bf7c407c2cedff20999df2af8eb42d56 -> 
========================================================================
Received Import Request.
  Time since last request: 82.185651 seconds.
  path: Assets/Scenes/Start_Scene.unity
  artifactKey: Guid(0a8980938241cd04990e26b7d875a820) Importer(815301076,1909f56bfc062723c751e8b465ee728b)
Start importing Assets/Scenes/Start_Scene.unity using Guid(0a8980938241cd04990e26b7d875a820) Importer(815301076,1909f56bfc062723c751e8b465ee728b)  -> (artifact id: '3e84bf9457666f192f5d2278e87b7f10') in 0.005149 seconds 
========================================================================
Received Import Request.
  Time since last request: 23.714600 seconds.
  path: Assets/Scenes/TipsPanel.prefab
  artifactKey: Guid(44d8b27eca84e484e9687842ad1b0eda) Importer(815301076,1909f56bfc062723c751e8b465ee728b)
Start importing Assets/Scenes/TipsPanel.prefab using Guid(44d8b27eca84e484e9687842ad1b0eda) Importer(815301076,1909f56bfc062723c751e8b465ee728b)  -> (artifact id: '42f525bbb866a411370f606e9b863578') in 0.028560 seconds 
========================================================================
Received Import Request.
  Time since last request: 185.660314 seconds.
  path: Assets/Scenes/Level01_Scene.unity
  artifactKey: Guid(c7bfceb1f45aba7448b88a51335c18f1) Importer(815301076,1909f56bfc062723c751e8b465ee728b)
Start importing Assets/Scenes/Level01_Scene.unity using Guid(c7bfceb1f45aba7448b88a51335c18f1) Importer(815301076,1909f56bfc062723c751e8b465ee728b)  -> (artifact id: '35791464431be5701dba03f8a96d0545') in 0.002493 seconds 
========================================================================
Received Import Request.
  Time since last request: 1.237267 seconds.
  path: Assets/Scenes/Level01_Scene.unity
  artifactKey: Guid(c7bfceb1f45aba7448b88a51335c18f1) Importer(815301076,1909f56bfc062723c751e8b465ee728b)
Start importing Assets/Scenes/Level01_Scene.unity using Guid(c7bfceb1f45aba7448b88a51335c18f1) Importer(815301076,1909f56bfc062723c751e8b465ee728b)  -> (artifact id: '6ba68d8758e6ebf95b1c869934b5dfff') in 0.001982 seconds 
========================================================================
Received Import Request.
  Time since last request: 128.859856 seconds.
  path: Assets/Animations/UI/Tips/TipsPanel 1.controller
  artifactKey: Guid(d06eaa0ea339cef4499da89b7e61f07a) Importer(815301076,1909f56bfc062723c751e8b465ee728b)
Start importing Assets/Animations/UI/Tips/TipsPanel 1.controller using Guid(d06eaa0ea339cef4499da89b7e61f07a) Importer(815301076,1909f56bfc062723c751e8b465ee728b)  -> (artifact id: '8f4836cde99d786ddd7b10bdfd3e0862') in 0.003765 seconds 
========================================================================
Received Import Request.
  Time since last request: 131.847348 seconds.
  path: Assets/Scripts/Others
  artifactKey: Guid(29bdbc5d84957d944b6074b56a30f611) Importer(815301076,1909f56bfc062723c751e8b465ee728b)
Start importing Assets/Scripts/Others using Guid(29bdbc5d84957d944b6074b56a30f611) Importer(815301076,1909f56bfc062723c751e8b465ee728b)  -> (artifact id: '5d65c08f9cbed72ad29cbf79d80f2cd6') in 0.003294 seconds 
========================================================================
Received Prepare
Registering precompiled user dll's ...
Registered in 0.003400 seconds.
Begin MonoManager ReloadAssembly
Native extension for UWP target not found
Native extension for WindowsStandalone target not found
Native extension for iOS target not found
Native extension for Android target not found
Native extension for WebGL target not found
Refreshing native plugins compatible for Editor in 0.31 ms, found 0 plugins.
Preloading 0 native plugins for Editor in 0.00 ms.
Mono: successfully reloaded assembly
- Completed reload, in  0.758 seconds
Domain Reload Profiling:
	ReloadAssembly (758ms)
		BeginReloadAssembly (131ms)
			ExecutionOrderSort (0ms)
			DisableScriptedObjects (4ms)
			BackupInstance (0ms)
			ReleaseScriptingObjects (0ms)
			CreateAndSetChildDomain (25ms)
		EndReloadAssembly (531ms)
			LoadAssemblies (87ms)
			RebuildTransferFunctionScriptingTraits (0ms)
			SetupTypeCache (133ms)
			ReleaseScriptCaches (0ms)
			RebuildScriptCaches (26ms)
			SetupLoadedEditorAssemblies (249ms)
				LogAssemblyErrors (0ms)
				InitializePlatformSupportModulesInManaged (29ms)
				SetLoadedEditorAssemblies (0ms)
				RefreshPlugins (0ms)
				BeforeProcessingInitializeOnLoad (40ms)
				ProcessInitializeOnLoadAttributes (150ms)
				ProcessInitializeOnLoadMethodAttributes (14ms)
				AfterProcessingInitializeOnLoad (15ms)
				EditorAssembliesLoaded (0ms)
			ExecutionOrderSort2 (0ms)
			AwakeInstancesAfterBackupRestoration (12ms)
Platform modules already initialized, skipping
Refreshing native plugins compatible for Editor in 0.82 ms, found 0 plugins.
Preloading 0 native plugins for Editor in 0.00 ms.
Unloading 1389 Unused Serialized files (Serialized files now loaded: 0)
Unloading 80 unused Assets / (11.4 MB). Loaded Objects now: 1910.
Memory consumption went from 99.4 MB to 88.1 MB.
Total: 6.140500 ms (FindLiveObjects: 0.135300 ms CreateObjectMapping: 0.033900 ms MarkObjects: 2.015700 ms  DeleteObjects: 3.954600 ms)

AssetImportParameters requested are different than current active one (requested -> active):
  custom:video-decoder-ogg-theora: a1e56fd34408186e4bbccfd4996cb3dc -> 
  custom:container-muxer-webm: aa71ff27fc2769a1b78a27578f13a17b -> 
  custom:container-demuxer-webm: 4f35f7cbe854078d1ac9338744f61a02 -> 
  custom:video-encoder-webm-vp8: eb34c28f22e8b96e1ab97ce403110664 -> 
  custom:video-codec-MediaFoundation-h265: 746d11721c4dcdbdad8f713fa42b33f4 -> 
  custom:audio-encoder-webm-vorbis: bf7c407c2cedff20999df2af8eb42d56 -> 
  custom:framework-win-MediaFoundation: 216162199b28c13a410421893ffa2e32 -> 
  custom:container-demuxer-ogg: 62fdf1f143b41e24485cea50d1cbac27 -> 
  custom:video-decoder-webm-vp8: 9c59270c3fd7afecdb556c50c9e8de78 -> 
  custom:audio-decoder-ogg-vorbis: bf7c407c2cedff20999df2af8eb42d56 -> 
========================================================================
Received Import Request.
  Time since last request: 14.315472 seconds.
  path: Assets/Scenes/Level01_Scene.unity
  artifactKey: Guid(c7bfceb1f45aba7448b88a51335c18f1) Importer(815301076,1909f56bfc062723c751e8b465ee728b)
Start importing Assets/Scenes/Level01_Scene.unity using Guid(c7bfceb1f45aba7448b88a51335c18f1) Importer(815301076,1909f56bfc062723c751e8b465ee728b)  -> (artifact id: '8875486b5a27900fed7f9c99644de7c9') in 0.004542 seconds 
========================================================================
Received Import Request.
  Time since last request: 0.846595 seconds.
  path: Assets/Scenes/Start_Scene.unity
  artifactKey: Guid(0a8980938241cd04990e26b7d875a820) Importer(815301076,1909f56bfc062723c751e8b465ee728b)
Start importing Assets/Scenes/Start_Scene.unity using Guid(0a8980938241cd04990e26b7d875a820) Importer(815301076,1909f56bfc062723c751e8b465ee728b)  -> (artifact id: 'c35689fef7ea23c131becb00d6a07741') in 0.002223 seconds 
========================================================================
Received Prepare
Registering precompiled user dll's ...
Registered in 0.003121 seconds.
Begin MonoManager ReloadAssembly
Native extension for UWP target not found
Native extension for WindowsStandalone target not found
Native extension for iOS target not found
Native extension for Android target not found
Native extension for WebGL target not found
Refreshing native plugins compatible for Editor in 0.51 ms, found 0 plugins.
Preloading 0 native plugins for Editor in 0.00 ms.
Mono: successfully reloaded assembly
- Completed reload, in  0.820 seconds
Domain Reload Profiling:
	ReloadAssembly (820ms)
		BeginReloadAssembly (133ms)
			ExecutionOrderSort (0ms)
			DisableScriptedObjects (4ms)
			BackupInstance (0ms)
			ReleaseScriptingObjects (0ms)
			CreateAndSetChildDomain (25ms)
		EndReloadAssembly (594ms)
			LoadAssemblies (86ms)
			RebuildTransferFunctionScriptingTraits (0ms)
			SetupTypeCache (133ms)
			ReleaseScriptCaches (1ms)
			RebuildScriptCaches (30ms)
			SetupLoadedEditorAssemblies (300ms)
				LogAssemblyErrors (0ms)
				InitializePlatformSupportModulesInManaged (32ms)
				SetLoadedEditorAssemblies (1ms)
				RefreshPlugins (1ms)
				BeforeProcessingInitializeOnLoad (46ms)
				ProcessInitializeOnLoadAttributes (188ms)
				ProcessInitializeOnLoadMethodAttributes (18ms)
				AfterProcessingInitializeOnLoad (15ms)
				EditorAssembliesLoaded (0ms)
			ExecutionOrderSort2 (0ms)
			AwakeInstancesAfterBackupRestoration (13ms)
Platform modules already initialized, skipping
Refreshing native plugins compatible for Editor in 1.09 ms, found 0 plugins.
Preloading 0 native plugins for Editor in 0.00 ms.
Unloading 1389 Unused Serialized files (Serialized files now loaded: 0)
Unloading 79 unused Assets / (11.5 MB). Loaded Objects now: 1925.
Memory consumption went from 99.6 MB to 88.1 MB.
Total: 8.098400 ms (FindLiveObjects: 0.204600 ms CreateObjectMapping: 0.037400 ms MarkObjects: 2.371100 ms  DeleteObjects: 5.484200 ms)

AssetImportParameters requested are different than current active one (requested -> active):
  custom:video-decoder-ogg-theora: a1e56fd34408186e4bbccfd4996cb3dc -> 
  custom:container-muxer-webm: aa71ff27fc2769a1b78a27578f13a17b -> 
  custom:container-demuxer-webm: 4f35f7cbe854078d1ac9338744f61a02 -> 
  custom:video-encoder-webm-vp8: eb34c28f22e8b96e1ab97ce403110664 -> 
  custom:video-codec-MediaFoundation-h265: 746d11721c4dcdbdad8f713fa42b33f4 -> 
  custom:audio-encoder-webm-vorbis: bf7c407c2cedff20999df2af8eb42d56 -> 
  custom:framework-win-MediaFoundation: 216162199b28c13a410421893ffa2e32 -> 
  custom:container-demuxer-ogg: 62fdf1f143b41e24485cea50d1cbac27 -> 
  custom:video-decoder-webm-vp8: 9c59270c3fd7afecdb556c50c9e8de78 -> 
  custom:audio-decoder-ogg-vorbis: bf7c407c2cedff20999df2af8eb42d56 -> 
========================================================================
Received Import Request.
  Time since last request: 157.821260 seconds.
  path: Assets/Asset Packages/uchwch/SD_Chan_Animation_Bundle/Art/Animation/SD_Unity_Chan/Humanoid/Unity_Chan_Run.FBX
  artifactKey: Guid(8fe51282281116f41bae153be0a57640) Importer(815301076,1909f56bfc062723c751e8b465ee728b)
Start importing Assets/Asset Packages/uchwch/SD_Chan_Animation_Bundle/Art/Animation/SD_Unity_Chan/Humanoid/Unity_Chan_Run.FBX using Guid(8fe51282281116f41bae153be0a57640) Importer(815301076,1909f56bfc062723c751e8b465ee728b)  -> (artifact id: '6adae34c55f296627737538fd3cef0ed') in 0.211547 seconds 
========================================================================
Received Import Request.
  Time since last request: 0.000019 seconds.
  path: Assets/Asset Packages/Cartoon FX/Materials/Light/CFX4_AuraBubble ADD.mat
  artifactKey: Guid(b701c416ffd5db94eab6dbfe25b8247e) Importer(815301076,1909f56bfc062723c751e8b465ee728b)
Start importing Assets/Asset Packages/Cartoon FX/Materials/Light/CFX4_AuraBubble ADD.mat using Guid(b701c416ffd5db94eab6dbfe25b8247e) Importer(815301076,1909f56bfc062723c751e8b465ee728b)  -> (artifact id: 'b7df1ad5deddd77853df887ee4af514b') in 0.013248 seconds 
========================================================================
Received Import Request.
  Time since last request: 0.000037 seconds.
  path: Assets/Asset Packages/uchwch/SD_Chan_Animation_Bundle/Art/Animation/SD_Unity_Chan/Generic/Unity_Chan_G_Idle_01.FBX
  artifactKey: Guid(09ee6999e5a6c184ca5913858b11e4a3) Importer(815301076,1909f56bfc062723c751e8b465ee728b)
Start importing Assets/Asset Packages/uchwch/SD_Chan_Animation_Bundle/Art/Animation/SD_Unity_Chan/Generic/Unity_Chan_G_Idle_01.FBX using Guid(09ee6999e5a6c184ca5913858b11e4a3) Importer(815301076,1909f56bfc062723c751e8b465ee728b)  -> (artifact id: 'ad37cc9dc755e479cbc71210564d3170') in 0.080533 seconds 
========================================================================
Received Import Request.
  Time since last request: 0.000041 seconds.
  path: Assets/Asset Packages/Cartoon FX/Materials/Animated/CFX_Anim_Poof_AddSoft.mat
  artifactKey: Guid(74a6f6cd13c058a43858627e5383715e) Importer(815301076,1909f56bfc062723c751e8b465ee728b)
Start importing Assets/Asset Packages/Cartoon FX/Materials/Animated/CFX_Anim_Poof_AddSoft.mat using Guid(74a6f6cd13c058a43858627e5383715e) Importer(815301076,1909f56bfc062723c751e8b465ee728b)  -> (artifact id: 'ebbd03b19a7a547b63fae1820bfbf440') in 0.010816 seconds 
========================================================================
Received Import Request.
  Time since last request: 0.000025 seconds.
  path: Assets/Asset Packages/uchwch/SD_Chan_Animation_Bundle/Art/Materials/Unity_chan_face.mat
  artifactKey: Guid(4ab41d5bf7db11448a99b3d7a15ad915) Importer(815301076,1909f56bfc062723c751e8b465ee728b)
Start importing Assets/Asset Packages/uchwch/SD_Chan_Animation_Bundle/Art/Materials/Unity_chan_face.mat using Guid(4ab41d5bf7db11448a99b3d7a15ad915) Importer(815301076,1909f56bfc062723c751e8b465ee728b)  -> (artifact id: '348716b94846addcd0096d1902db4729') in 0.019880 seconds 
========================================================================
Received Import Request.
  Time since last request: 0.000026 seconds.
  path: Assets/Asset Packages/uchwch/SD_Chan_Animation_Bundle/Art/Materials/Unity_chan_hair.mat
  artifactKey: Guid(5704d53d8eb56d842b4949f553cd1c69) Importer(815301076,1909f56bfc062723c751e8b465ee728b)
Start importing Assets/Asset Packages/uchwch/SD_Chan_Animation_Bundle/Art/Materials/Unity_chan_hair.mat using Guid(5704d53d8eb56d842b4949f553cd1c69) Importer(815301076,1909f56bfc062723c751e8b465ee728b)  -> (artifact id: '1f5745e0487e8e039ad722140a8f7a9c') in 0.012427 seconds 
========================================================================
Received Import Request.
  Time since last request: 0.000027 seconds.
  path: Assets/Asset Packages/Cartoon FX/Materials/Stretched/CFX_RayRounded.mat
  artifactKey: Guid(7cd73ef8e5a31a244a672ae32c0f6ddb) Importer(815301076,1909f56bfc062723c751e8b465ee728b)
Start importing Assets/Asset Packages/Cartoon FX/Materials/Stretched/CFX_RayRounded.mat using Guid(7cd73ef8e5a31a244a672ae32c0f6ddb) Importer(815301076,1909f56bfc062723c751e8b465ee728b)  -> (artifact id: '628a8df7c3247c46e151d52e3133dc29') in 0.011515 seconds 
========================================================================
Received Import Request.
  Time since last request: 0.000018 seconds.
  path: Assets/Asset Packages/Cartoon FX/Materials/Symbols/CFX2_Star Outline Add.mat
  artifactKey: Guid(b125e76401a407444b8a9c9491a660eb) Importer(815301076,1909f56bfc062723c751e8b465ee728b)
Start importing Assets/Asset Packages/Cartoon FX/Materials/Symbols/CFX2_Star Outline Add.mat using Guid(b125e76401a407444b8a9c9491a660eb) Importer(815301076,1909f56bfc062723c751e8b465ee728b)  -> (artifact id: '68ba6e7af49213f3a9350c2bf740663f') in 0.010458 seconds 
========================================================================
Received Import Request.
  Time since last request: 0.000017 seconds.
  path: Assets/Materials/M_Spike.mat
  artifactKey: Guid(5eb76599b12bb9f46ba6097856333f65) Importer(815301076,1909f56bfc062723c751e8b465ee728b)
Start importing Assets/Materials/M_Spike.mat using Guid(5eb76599b12bb9f46ba6097856333f65) Importer(815301076,1909f56bfc062723c751e8b465ee728b)  -> (artifact id: '745b2977260ee3971a9759f3b408c90c') in 0.008908 seconds 
========================================================================
Received Import Request.
  Time since last request: 0.000018 seconds.
  path: Assets/Asset Packages/Cartoon FX/Materials/Misc/CFX_WhiteCircle.mat
  artifactKey: Guid(1fdeac39b28b45742b821b6c8acff998) Importer(815301076,1909f56bfc062723c751e8b465ee728b)
Start importing Assets/Asset Packages/Cartoon FX/Materials/Misc/CFX_WhiteCircle.mat using Guid(1fdeac39b28b45742b821b6c8acff998) Importer(815301076,1909f56bfc062723c751e8b465ee728b)  -> (artifact id: '245cabf3ddf02c8227980a1d5413a077') in 0.010302 seconds 
========================================================================
Received Import Request.
  Time since last request: 0.000023 seconds.
  path: Assets/Asset Packages/Cartoon FX/Materials/Symbols/CFX2_Heart Outline Add.mat
  artifactKey: Guid(749ea6f567709834fbe474b44674e1ed) Importer(815301076,1909f56bfc062723c751e8b465ee728b)
Start importing Assets/Asset Packages/Cartoon FX/Materials/Symbols/CFX2_Heart Outline Add.mat using Guid(749ea6f567709834fbe474b44674e1ed) Importer(815301076,1909f56bfc062723c751e8b465ee728b)  -> (artifact id: '43005545658005a20eda5c3de1c58e7d') in 0.009396 seconds 
========================================================================
Received Import Request.
  Time since last request: 0.000026 seconds.
  path: Assets/Asset Packages/uchwch/SD_Chan_Animation_Bundle/Art/Animation/SD_Unity_Chan/Humanoid/Unity_Chan_Jump.FBX
  artifactKey: Guid(6332ba8c12a42bc4d99f63e4749d9fcf) Importer(815301076,1909f56bfc062723c751e8b465ee728b)
Start importing Assets/Asset Packages/uchwch/SD_Chan_Animation_Bundle/Art/Animation/SD_Unity_Chan/Humanoid/Unity_Chan_Jump.FBX using Guid(6332ba8c12a42bc4d99f63e4749d9fcf) Importer(815301076,1909f56bfc062723c751e8b465ee728b)  -> (artifact id: '02bac307873e598eafb0685ee5aa9a6f') in 0.074933 seconds 
========================================================================
Received Import Request.
  Time since last request: 0.000036 seconds.
  path: Assets/Asset Packages/Cartoon FX/Materials/Misc/CFX3_SmokePuff ADDSOFT.mat
  artifactKey: Guid(f12d680b3c37c3c4fae5c220798d9977) Importer(815301076,1909f56bfc062723c751e8b465ee728b)
Start importing Assets/Asset Packages/Cartoon FX/Materials/Misc/CFX3_SmokePuff ADDSOFT.mat using Guid(f12d680b3c37c3c4fae5c220798d9977) Importer(815301076,1909f56bfc062723c751e8b465ee728b)  -> (artifact id: '5a54e99e0c841fb8badafd2fdb54c385') in 0.010014 seconds 
========================================================================
Received Import Request.
  Time since last request: 0.000027 seconds.
  path: Assets/Asset Packages/uchwch/SD_Chan_Animation_Bundle/Art/Materials/skybox.mat
  artifactKey: Guid(569fed2bf431cb442bbcf2ce00130b62) Importer(815301076,1909f56bfc062723c751e8b465ee728b)
Start importing Assets/Asset Packages/uchwch/SD_Chan_Animation_Bundle/Art/Materials/skybox.mat using Guid(569fed2bf431cb442bbcf2ce00130b62) Importer(815301076,1909f56bfc062723c751e8b465ee728b)  -> (artifact id: '39bc36e697c756a32288077240c89b76') in 0.011735 seconds 
========================================================================
Received Import Request.
  Time since last request: 0.000019 seconds.
  path: Assets/Asset Packages/Sets - Gems/Materials/gem - red.mat
  artifactKey: Guid(5b165a09fcc134ca6a6c2467abd6e36a) Importer(815301076,1909f56bfc062723c751e8b465ee728b)
Start importing Assets/Asset Packages/Sets - Gems/Materials/gem - red.mat using Guid(5b165a09fcc134ca6a6c2467abd6e36a) Importer(815301076,1909f56bfc062723c751e8b465ee728b)  -> (artifact id: 'd2a2540cbdd7dfaa7d65610963919021') in 0.015093 seconds 
========================================================================
Received Import Request.
  Time since last request: 0.000022 seconds.
  path: Assets/Asset Packages/Cartoon FX/Materials/Misc/CFX_Smoke_4frms.mat
  artifactKey: Guid(3217b570b11b257469c5461f0457e5d4) Importer(815301076,1909f56bfc062723c751e8b465ee728b)
Start importing Assets/Asset Packages/Cartoon FX/Materials/Misc/CFX_Smoke_4frms.mat using Guid(3217b570b11b257469c5461f0457e5d4) Importer(815301076,1909f56bfc062723c751e8b465ee728b)  -> (artifact id: '0bcef0c5d286bf9cbfbdd717618946af') in 0.036300 seconds 
========================================================================
Received Import Request.
  Time since last request: 0.000021 seconds.
  path: Assets/Asset Packages/Cartoon FX/Materials/Misc/CFX2_ShinyStar Add.mat
  artifactKey: Guid(c1b09b1ca8ba05d4682ccf6db6b1102d) Importer(815301076,1909f56bfc062723c751e8b465ee728b)
Start importing Assets/Asset Packages/Cartoon FX/Materials/Misc/CFX2_ShinyStar Add.mat using Guid(c1b09b1ca8ba05d4682ccf6db6b1102d) Importer(815301076,1909f56bfc062723c751e8b465ee728b)  -> (artifact id: 'b4ee3db26a009fa31a500a73bcc7ea30') in 0.010682 seconds 
========================================================================
Received Import Request.
  Time since last request: 0.000021 seconds.
  path: Assets/Materials/M_Trail.mat
  artifactKey: Guid(d4f134e86e57b084d872753a1d5e6f6c) Importer(815301076,1909f56bfc062723c751e8b465ee728b)
Start importing Assets/Materials/M_Trail.mat using Guid(d4f134e86e57b084d872753a1d5e6f6c) Importer(815301076,1909f56bfc062723c751e8b465ee728b)  -> (artifact id: 'ba05adb899325827405cfc3189361323') in 0.011141 seconds 
Editor requested this worker to shutdown with reason: Scaling down because of idle timeout
AssetImportWorker is now disconnected from the server
Process exiting
Exiting without the bug reporter. Application will terminate with return code 0